2025-10-26 02:43:19,836 [DEBUG] root: Logging configured (console=INFO, file=DEBUG, path=C:\Users\Fahri\OneDrive\Masaüstü\oyun\fortress_director\logs\turn_20251025_234319.log)
2025-10-26 02:43:19,836 [DEBUG] __main__: Logging configured via CLI (console level=INFO, path=C:\Users\Fahri\OneDrive\Masaüstü\oyun\fortress_director\logs\turn_20251025_234319.log)
2025-10-26 02:43:19,836 [INFO] __main__: Detailed logs written to C:\Users\Fahri\OneDrive\Masaüstü\oyun\fortress_director\logs\turn_20251025_234319.log
2025-10-26 02:43:19,836 [INFO] fortress_director.codeaware.function_registry: Registering safe function: change_weather
2025-10-26 02:43:19,836 [INFO] fortress_director.codeaware.function_registry: Safe function 'change_weather' registered successfully.
2025-10-26 02:43:19,836 [INFO] fortress_director.codeaware.function_registry: Registering safe function: spawn_item
2025-10-26 02:43:19,836 [INFO] fortress_director.codeaware.function_registry: Safe function 'spawn_item' registered successfully.
2025-10-26 02:43:19,836 [INFO] fortress_director.codeaware.function_registry: Registering safe function: move_npc
2025-10-26 02:43:19,836 [INFO] fortress_director.codeaware.function_registry: Safe function 'move_npc' registered successfully.
2025-10-26 02:43:19,844 [INFO] fortress_director.codeaware.function_registry: Registering safe function: adjust_logic
2025-10-26 02:43:19,844 [INFO] fortress_director.codeaware.function_registry: Safe function 'adjust_logic' registered successfully.
2025-10-26 02:43:19,844 [INFO] fortress_director.codeaware.function_registry: Registering safe function: adjust_emotion
2025-10-26 02:43:19,844 [INFO] fortress_director.codeaware.function_registry: Safe function 'adjust_emotion' registered successfully.
2025-10-26 02:43:19,844 [INFO] fortress_director.codeaware.function_registry: Registering safe function: raise_corruption
2025-10-26 02:43:19,844 [INFO] fortress_director.codeaware.function_registry: Safe function 'raise_corruption' registered successfully.
2025-10-26 02:43:19,844 [INFO] fortress_director.codeaware.function_registry: Registering safe function: advance_turn
2025-10-26 02:43:19,845 [INFO] fortress_director.codeaware.function_registry: Safe function 'advance_turn' registered successfully.
2025-10-26 02:43:19,845 [INFO] fortress_director.codeaware.function_registry: Registering safe function: modify_resources
2025-10-26 02:43:19,845 [INFO] fortress_director.codeaware.function_registry: Safe function 'modify_resources' registered successfully.
2025-10-26 02:43:19,845 [INFO] fortress_director.codeaware.function_registry: Registering safe function: adjust_metric
2025-10-26 02:43:19,845 [INFO] fortress_director.codeaware.function_registry: Safe function 'adjust_metric' registered successfully.
2025-10-26 02:43:19,845 [INFO] fortress_director.codeaware.function_registry: Registering safe function: move_room
2025-10-26 02:43:19,845 [INFO] fortress_director.codeaware.function_registry: Safe function 'move_room' registered successfully.
2025-10-26 02:43:19,845 [INFO] fortress_director.orchestrator.orchestrator: run_turn called (player_choice_id=None)
2025-10-26 02:43:19,845 [DEBUG] fortress_director.orchestrator.orchestrator: Resetting function validator and creating checkpoint: {'phase': 'turn_start'}
2025-10-26 02:43:19,845 [DEBUG] fortress_director.orchestrator.orchestrator: State snapshot loaded from C:\Users\Fahri\OneDrive\Masaüstü\oyun\fortress_director\data\world_state.json (turn=0)
2025-10-26 02:43:19,845 [INFO] fortress_director.codeaware.rollback_system: Checkpoint created (turn=0, call=None)
2025-10-26 02:43:19,845 [INFO] fortress_director.orchestrator.orchestrator: Turn execution started.
2025-10-26 02:43:19,845 [DEBUG] fortress_director.orchestrator.orchestrator: State snapshot loaded from C:\Users\Fahri\OneDrive\Masaüstü\oyun\fortress_director\data\world_state.json (turn=0)
2025-10-26 02:43:19,845 [DEBUG] fortress_director.orchestrator.orchestrator: Pre-turn state snapshot: {"active_layer": null, "campaign_id": "default_campaign", "character_summary": "Rhea is loyal but impulsive; Boris is cautious and calculating.", "current_room": "entrance", "current_turn": 0, "day": 1, "flags": [], "inventory": [], "lore": {}, "memory_layers": [], "metrics": {"corruption": 10, "glitch": 12, "knowledge": 45, "major_event_last_turn": null, "major_events_triggered": 0, "major_flag_set": false, "morale": 50, "order": 50, "resources": 40, "risk_applied_total": 0}, "npc_fragments": {}, "npc_trust": {}, "player": {"inventory": ["oil lamp", "patched shield"], "name": "The Shieldbe...
2025-10-26 02:43:19,845 [DEBUG] fortress_director.utils.metrics_manager: MetricManager initialised with metrics: {'order': 50, 'morale': 50, 'resources': 40, 'knowledge': 45, 'corruption': 10, 'glitch': 12, 'risk_applied_total': 0, 'major_flag_set': False, 'major_events_triggered': 0, 'major_event_last_turn': None}
2025-10-26 02:43:19,845 [DEBUG] fortress_director.orchestrator.orchestrator: Metrics at turn start: {'order': 50, 'morale': 50, 'resources': 40, 'knowledge': 45, 'corruption': 10, 'glitch': 12, 'risk_applied_total': 0, 'major_flag_set': False, 'major_events_triggered': 0, 'major_event_last_turn': None}
2025-10-26 02:43:19,845 [INFO] fortress_director.utils.glitch_manager: Resolving glitch (turn=1, seed=12345, current_glitch=12)
2025-10-26 02:43:19,845 [DEBUG] fortress_director.utils.glitch_manager: Metrics before glitch resolution: {'order': 50, 'morale': 50, 'resources': 40, 'knowledge': 45, 'corruption': 10, 'glitch': 12, 'risk_applied_total': 0, 'major_flag_set': False, 'major_events_triggered': 0, 'major_event_last_turn': None}
2025-10-26 02:43:19,845 [DEBUG] fortress_director.utils.metrics_manager: Adjusting metric 'glitch': current=12, delta=1, limits=(0, 100) (cause=glitch:cosmetic_noise)
2025-10-26 02:43:19,845 [DEBUG] fortress_director.utils.metrics_manager: Metric change logged: {'metric': 'glitch', 'delta': 1, 'value': 13, 'cause': 'glitch:cosmetic_noise'}
2025-10-26 02:43:19,845 [INFO] fortress_director.utils.metrics_manager: Metric 'glitch' updated from 12 to 13 (cause=glitch:cosmetic_noise)
2025-10-26 02:43:19,845 [INFO] fortress_director.utils.glitch_manager: Glitch roll complete: roll=7, triggered_loss=False
2025-10-26 02:43:19,845 [DEBUG] fortress_director.utils.glitch_manager: Metrics after glitch resolution: {'order': 50, 'morale': 50, 'resources': 40, 'knowledge': 45, 'corruption': 10, 'glitch': 13, 'risk_applied_total': 0, 'major_flag_set': False, 'major_events_triggered': 0, 'major_event_last_turn': None}
2025-10-26 02:43:19,845 [DEBUG] fortress_director.utils.glitch_manager: Glitch effects applied: ['Minor static ripples along the parapets.']
2025-10-26 02:43:19,845 [INFO] fortress_director.orchestrator.orchestrator: Glitch resolution outcome: roll=7, triggered_loss=False
2025-10-26 02:43:19,845 [DEBUG] fortress_director.orchestrator.orchestrator: Metrics after glitch resolution: {'order': 50, 'morale': 50, 'resources': 40, 'knowledge': 45, 'corruption': 10, 'glitch': 13, 'risk_applied_total': 0, 'major_flag_set': False, 'major_events_triggered': 0, 'major_event_last_turn': None}
2025-10-26 02:43:19,845 [DEBUG] fortress_director.utils.metrics_manager: Adjusting metric 'glitch': current=13, delta=-1, limits=(0, 100) (cause=turn_recovery)
2025-10-26 02:43:19,845 [DEBUG] fortress_director.utils.metrics_manager: Metric change logged: {'metric': 'glitch', 'delta': -1, 'value': 12, 'cause': 'turn_recovery'}
2025-10-26 02:43:19,845 [INFO] fortress_director.utils.metrics_manager: Metric 'glitch' updated from 13 to 12 (cause=turn_recovery)
2025-10-26 02:43:19,845 [DEBUG] fortress_director.orchestrator.orchestrator: Metrics after glitch recovery: {'order': 50, 'morale': 50, 'resources': 40, 'knowledge': 45, 'corruption': 10, 'glitch': 12, 'risk_applied_total': 0, 'major_flag_set': False, 'major_events_triggered': 0, 'major_event_last_turn': None}
2025-10-26 02:43:19,845 [INFO] fortress_director.orchestrator.orchestrator: World context built.
2025-10-26 02:43:19,845 [DEBUG] fortress_director.orchestrator.orchestrator: World context payload: Turn 0 | Day 1 | Time dawn
Location: entrance
Player: The Shieldbearer — A weary defender holding the western wall.
Inventory: oil lamp, patched shield
World constraint: {"atmosphere": "low clouds hug the battlements", "sensory_details": "Drums thud beyond the walls while the wind carries grit."}
Recent events: none
Recent motifs: none
Recent major events: none
Relationship summary: Rhea trusts the player; Boris weighs every trade.
Character summary: Rhea is loyal but impulsive; Boris is cautious and calculating.
Metrics: {"order": 50, "morale": 50, "resources": 40, "knowledge": 45, "corruption": 10, "glitch": 12, "risk_applied_total": 0, "major_flag_set": false, "major_events_triggered": 0, "major_event_last_turn": null}
2025-10-26 02:43:19,848 [INFO] fortress_director.orchestrator.orchestrator: Starting turn 0 in room entrance
2025-10-26 02:43:19,848 [DEBUG] fortress_director.orchestrator.orchestrator: World agent input: {"WORLD_CONTEXT": "Turn 0 | Day 1 | Time dawn\nLocation: entrance\nPlayer: The Shieldbearer — A weary defender holding the western wall.\nInventory: oil lamp, patched shield\nWorld constraint: {\"atmosphere\": \"low clouds hug the battlements\", \"sensory_details\": \"Drums thud beyond the walls while the wind carries grit.\"}\nRecent events: none\nRecent motifs: none\nRecent major events: none\nRelationship summary: Rhea trusts the player; Boris weighs every trade.\nCharacter summary: Rhea is loyal but impulsive; Boris is cautious and calculating.\nMetrics: {\"order\": 50, \"morale\": 50, ...
2025-10-26 02:43:19,848 [INFO] fortress_director.orchestrator.orchestrator: Calling world_agent.describe...
2025-10-26 02:43:19,848 [INFO] fortress_director.agents.world_agent: WorldAgent.describe called with variables: {'WORLD_CONTEXT': 'Turn 0 | Day 1 | Time dawn\nLocation: entrance\nPlayer: The Shieldbearer — A weary defender holding the western wall.\nInventory: oil lamp, patched shield\nWorld constraint: {"atmosphere": "low clouds hug the battlements", "sensory_details": "Drums thud beyond the walls while the wind carries grit."}\nRecent events: none\nRecent motifs: none\nRecent major events: none\nRelationship summary: Rhea trusts the player; Boris weighs every trade.\nCharacter summary: Rhea is loyal but impulsive; Boris is cautious and calculating.\nMetrics: {"order": 50, "morale": 50, "resources": 40, "knowledge": 45, "corruption": 10, "glitch": 12, "risk_applied_total": 0, "major_flag_set": false, "major_events_triggered": 0, "major_event_last_turn": null}', 'room': 'entrance'}
2025-10-26 02:43:26,667 [DEBUG] fortress_director.agents.world_agent: Model returned: {'atmosphere': 'Dawn breaks, casting a pale light over damp battlements.', 'sensory_details': 'The chill morning air carries the scent of rain and wet stone; distant drums echo with promise.'}
2025-10-26 02:43:26,667 [INFO] fortress_director.agents.world_agent: World description: {'atmosphere': 'Dawn breaks, casting a pale light over damp battlements.', 'sensory_details': 'The chill morning air carries the scent of rain and wet stone distant drums echo with promise.'}
2025-10-26 02:43:26,667 [INFO] fortress_director.orchestrator.orchestrator: World agent returned output.
2025-10-26 02:43:26,667 [DEBUG] fortress_director.orchestrator.orchestrator: World agent output: {"atmosphere": "Dawn breaks, casting a pale light over damp battlements.", "sensory_details": "The chill morning air carries the scent of rain and wet stone distant drums echo with promise."}
2025-10-26 02:43:26,667 [DEBUG] fortress_director.orchestrator.orchestrator: Event agent input: {"WORLD_CONTEXT": "Turn 0 | Day 1 | Time dawn\nLocation: entrance\nPlayer: The Shieldbearer — A weary defender holding the western wall.\nInventory: oil lamp, patched shield\nWorld constraint: {\"atmosphere\": \"low clouds hug the battlements\", \"sensory_details\": \"Drums thud beyond the walls while the wind carries grit.\"}\nRecent events: none\nRecent motifs: none\nRecent major events: none\nRelationship summary: Rhea trusts the player; Boris weighs every trade.\nCharacter summary: Rhea is loyal but impulsive; Boris is cautious and calculating.\nMetrics: {\"order\": 50, \"morale\": 50, ...
2025-10-26 02:43:26,667 [INFO] fortress_director.orchestrator.orchestrator: Calling event_agent.generate...
2025-10-26 02:43:26,667 [INFO] fortress_director.agents.event_agent: EventAgent.generate called with variables: {'WORLD_CONTEXT': 'Turn 0 | Day 1 | Time dawn\nLocation: entrance\nPlayer: The Shieldbearer — A weary defender holding the western wall.\nInventory: oil lamp, patched shield\nWorld constraint: {"atmosphere": "low clouds hug the battlements", "sensory_details": "Drums thud beyond the walls while the wind carries grit."}\nRecent events: none\nRecent motifs: none\nRecent major events: none\nRelationship summary: Rhea trusts the player; Boris weighs every trade.\nCharacter summary: Rhea is loyal but impulsive; Boris is cautious and calculating.\nMetrics: {"order": 50, "morale": 50, "resources": 40, "knowledge": 45, "corruption": 10, "glitch": 12, "risk_applied_total": 0, "major_flag_set": false, "major_events_triggered": 0, "major_event_last_turn": null}', 'day': 1, 'time': 'dawn', 'room': 'entrance', 'recent_events': 'none', 'world_constraint_from_prev_turn': '{"atmosphere": "low clouds hug the battlements", "sensory_details": "Drums thud beyond the walls while the wind carries grit."}', 'recent_motifs': 'none', 'lore_continuity_weight': 0, 'memory_layers': []}
2025-10-26 02:43:50,593 [DEBUG] fortress_director.agents.event_agent: Model returned: {'scene': 'The Shieldbearer stands watch at the entrance, her oil lamp casting flickering shadows on the stone walls. The low clouds hang heavy over the battlements, and the wind carries grit as drums thud beyond the walls.', 'options': [{'id': 'ask_about_threat', 'text': "Ask the Shieldbearer about any threats they've noticed recently.", 'action_type': 'dialog'}, {'id': 'check_for_items', 'text': 'Check if there are any useful items nearby.', 'action_type': 'search'}, {'id': 'patrol_with_shieldbearer', 'text': 'Offer to patrol with the Shieldbearer for a while.', 'action_type': 'interact'}], 'major_event': False, 'safe_functions': []}
2025-10-26 02:43:50,594 [INFO] fortress_director.agents.event_agent: Normalized event output: {'scene': 'The Shieldbearer stands watch at the entrance, her oil lamp casting flickering shadows on the stone walls. The low clouds hang heavy over the battlements, and the wind carries grit as drums thud beyond the walls.', 'options': [{'id': 'ask_about_threat', 'text': "Ask the Shieldbearer about any threats they've noticed recently.", 'action_type': 'dialog'}, {'id': 'check_for_items', 'text': 'Check if there are any useful items nearby.', 'action_type': 'search'}, {'id': 'patrol_with_shieldbearer', 'text': 'Offer to patrol with the Shieldbearer for a while.', 'action_type': 'interact'}], 'major_event': False, 'safe_functions': []}
2025-10-26 02:43:50,594 [INFO] fortress_director.orchestrator.orchestrator: Event agent returned output.
2025-10-26 02:43:50,594 [DEBUG] fortress_director.orchestrator.orchestrator: Event agent output: {"major_event": false, "options": [{"action_type": "dialog", "id": "ask_about_threat", "text": "Ask the Shieldbearer about any threats they've noticed recently."}, {"action_type": "search", "id": "check_for_items", "text": "Check if there are any useful items nearby."}, {"action_type": "interact", "id": "patrol_with_shieldbearer", "text": "Offer to patrol with the Shieldbearer for a while."}], "safe_functions": [], "scene": "The Shieldbearer stands watch at the entrance, her oil lamp casting flickering shadows on the stone walls. The low clouds hang heavy over the battlements, and the wind ...
2025-10-26 02:43:50,594 [INFO] fortress_director.orchestrator.orchestrator: Resolving player choice...
2025-10-26 02:43:50,594 [INFO] fortress_director.orchestrator.orchestrator: Player choice resolved: {'id': 'ask_about_threat', 'text': "Ask the Shieldbearer about any threats they've noticed recently.", 'action_type': 'dialog'}
2025-10-26 02:43:50,594 [DEBUG] fortress_director.orchestrator.orchestrator: Player choice resolved: {"action_type": "dialog", "id": "ask_about_threat", "text": "Ask the Shieldbearer about any threats they've noticed recently."}
2025-10-26 02:43:50,594 [DEBUG] fortress_director.orchestrator.orchestrator: No dynamic metrics for action_type 'dialog'
2025-10-26 02:43:50,594 [DEBUG] fortress_director.orchestrator.orchestrator: Character agent input: {"WORLD_CONTEXT": "Turn 0 | Day 1 | Time dawn\nLocation: entrance\nPlayer: The Shieldbearer — A weary defender holding the western wall.\nInventory: oil lamp, patched shield\nWorld constraint: {\"atmosphere\": \"low clouds hug the battlements\", \"sensory_details\": \"Drums thud beyond the walls while the wind carries grit.\"}\nRecent events: none\nRecent motifs: none\nRecent major events: none\nRelationship summary: Rhea trusts the player; Boris weighs every trade.\nCharacter summary: Rhea is loyal but impulsive; Boris is cautious and calculating.\nMetrics: {\"order\": 50, \"morale\": 50, ...
2025-10-26 02:43:50,594 [INFO] fortress_director.orchestrator.orchestrator: Calling character_agent.react...
2025-10-26 02:43:50,594 [INFO] fortress_director.agents.character_agent: CharacterAgent.react called with variables: {'WORLD_CONTEXT': 'Turn 0 | Day 1 | Time dawn\nLocation: entrance\nPlayer: The Shieldbearer — A weary defender holding the western wall.\nInventory: oil lamp, patched shield\nWorld constraint: {"atmosphere": "low clouds hug the battlements", "sensory_details": "Drums thud beyond the walls while the wind carries grit."}\nRecent events: none\nRecent motifs: none\nRecent major events: none\nRelationship summary: Rhea trusts the player; Boris weighs every trade.\nCharacter summary: Rhea is loyal but impulsive; Boris is cautious and calculating.\nMetrics: {"order": 50, "morale": 50, "resources": 40, "knowledge": 45, "corruption": 10, "glitch": 12, "risk_applied_total": 0, "major_flag_set": false, "major_events_triggered": 0, "major_event_last_turn": null}', 'scene_short': 'The Shieldbearer stands watch at the entrance, her oil lamp casting flickering shadows on the stone walls. The low clouds hang heavy over the battlements, and the wind carries grit as drums thud beyond the walls.', 'player_choice': "Ask the Shieldbearer about any threats they've noticed recently.", 'atmosphere': 'Dawn breaks, casting a pale light over damp battlements.', 'sensory_details': 'The chill morning air carries the scent of rain and wet stone distant drums echo with promise.', 'char_brief': 'Rhea is loyal but impulsive; Boris is cautious and calculating.', 'relationship_summary_from_state': 'Rhea trusts the player; Boris weighs every trade.', 'player_inventory_brief': 'oil lamp, patched shield'}
2025-10-26 02:43:57,175 [DEBUG] fortress_director.agents.character_agent: Model returned: {'name': 'Rhea', 'intent': 'watch', 'action': 'stand alert at the entrance', 'speech': 'The morning stillness is broken by the rhythmic thud of drums. I stand vigilant at the entrance, ever watchful for any sign of danger.', 'effects': {'trust_delta': 100, 'flag_set': ['low_clouds_present'], 'item_change': None, 'status_change': None}}
2025-10-26 02:43:57,175 [INFO] fortress_director.agents.character_agent: Normalized output (dict): [{'name': 'Rhea', 'intent': 'watch', 'action': 'stand alert at the entrance', 'speech': 'The morning stillness is broken by the rhythmic thud of drums. I stand vigilant at the entrance, ever watchful for any sign of danger.', 'effects': {'flag_set': ['low_clouds_present']}}]
2025-10-26 02:43:57,175 [INFO] fortress_director.orchestrator.orchestrator: Character agent returned output.
2025-10-26 02:43:57,175 [DEBUG] fortress_director.orchestrator.orchestrator: Character agent output: [{"action": "stand alert at the entrance", "effects": {"flag_set": ["low_clouds_present"]}, "intent": "watch", "name": "Rhea", "speech": "The morning stillness is broken by the rhythmic thud of drums. I stand vigilant at the entrance, ever watchful for any sign of danger."}]
2025-10-26 02:43:57,175 [INFO] fortress_director.orchestrator.orchestrator: Injecting major event effect...
2025-10-26 02:43:57,175 [INFO] fortress_director.orchestrator.orchestrator: Major event effect injected.
2025-10-26 02:43:57,175 [INFO] fortress_director.orchestrator.orchestrator: Submitting reactions to rules engine...
2025-10-26 02:43:57,175 [DEBUG] fortress_director.orchestrator.orchestrator: Submitting reactions to rules engine: [{"action": "stand alert at the entrance", "effects": {"flag_set": ["low_clouds_present"]}, "intent": "watch", "name": "Rhea", "speech": "The morning stillness is broken by the rhythmic thud of drums. I stand vigilant at the entrance, ever watchful for any sign of danger."}]
2025-10-26 02:43:57,175 [INFO] fortress_director.rules.rules_engine: RulesEngine.process called.
2025-10-26 02:43:57,175 [DEBUG] fortress_director.rules.rules_engine: Input state: {'campaign_id': 'default_campaign', 'turn_limit': 10, 'current_turn': 0, 'rng_seed': 12345, 'scores': {'logic_score': 0, 'emotion_score': 0, 'corruption': 0}, 'flags': [], 'memory_layers': [], 'active_layer': None, 'npc_fragments': {}, 'inventory': [], 'lore': {}, 'turn': 0, 'day': 1, 'time': 'dawn', 'current_room': 'entrance', 'recent_events': [], 'recent_motifs': [], 'world_constraint_from_prev_turn': {'atmosphere': 'low clouds hug the battlements', 'sensory_details': 'Drums thud beyond the walls while the wind carries grit.'}, 'player': {'name': 'The Shieldbearer', 'inventory': ['oil lamp', 'patched shield'], 'stats': {'resolve': 3, 'empathy': 2}, 'summary': 'A weary defender holding the western wall.'}, 'character_summary': 'Rhea is loyal but impulsive; Boris is cautious and calculating.', 'relationship_summary': 'Rhea trusts the player; Boris weighs every trade.', 'metrics': {'order': 50, 'morale': 50, 'resources': 40, 'knowledge': 45, 'corruption': 10, 'glitch': 12, 'risk_applied_total': 0, 'major_flag_set': False, 'major_events_triggered': 0, 'major_event_last_turn': None}, 'npc_trust': {}}
2025-10-26 02:43:57,175 [DEBUG] fortress_director.rules.rules_engine: Character events: [{'name': 'Rhea', 'intent': 'watch', 'action': 'stand alert at the entrance', 'speech': 'The morning stillness is broken by the rhythmic thud of drums. I stand vigilant at the entrance, ever watchful for any sign of danger.', 'effects': {'flag_set': ['low_clouds_present']}}]
2025-10-26 02:43:57,176 [DEBUG] fortress_director.rules.rules_engine: World context: Turn 0 | Day 1 | Time dawn
Location: entrance
Player: The Shieldbearer — A weary defender holding the western wall.
Inventory: oil lamp, patched shield
World constraint: {"atmosphere": "low clouds hug the battlements", "sensory_details": "Drums thud beyond the walls while the wind carries grit."}
Recent events: none
Recent motifs: none
Recent major events: none
Relationship summary: Rhea trusts the player; Boris weighs every trade.
Character summary: Rhea is loyal but impulsive; Boris is cautious and calculating.
Metrics: {"order": 50, "morale": 50, "resources": 40, "knowledge": 45, "corruption": 10, "glitch": 12, "risk_applied_total": 0, "major_flag_set": false, "major_events_triggered": 0, "major_event_last_turn": null}, scene: The Shieldbearer stands watch at the entrance, her oil lamp casting flickering shadows on the stone walls. The low clouds hang heavy over the battlements, and the wind carries grit as drums thud beyond the walls., player_choice: {'id': 'ask_about_threat', 'text': "Ask the Shieldbearer about any threats they've noticed recently.", 'action_type': 'dialog'}
2025-10-26 02:43:57,176 [INFO] fortress_director.rules.rules_engine: RulesEngine._validate_tier_one called.
2025-10-26 02:43:57,176 [DEBUG] fortress_director.rules.rules_engine: Validating character event 0: {'name': 'Rhea', 'intent': 'watch', 'action': 'stand alert at the entrance', 'speech': 'The morning stillness is broken by the rhythmic thud of drums. I stand vigilant at the entrance, ever watchful for any sign of danger.', 'effects': {'flag_set': ['low_clouds_present']}}
2025-10-26 02:43:57,176 [INFO] fortress_director.rules.rules_engine: Tier one validation passed.
2025-10-26 02:43:57,176 [INFO] fortress_director.agents.judge_agent: JudgeAgent.evaluate called with variables
2025-10-26 02:44:02,772 [DEBUG] fortress_director.agents.judge_agent: Model returned: {'consistent': True, 'reason': 'The content is consistent with established world, lore, and character logic. The scene setting matches the established atmosphere and tone of the world.'}
2025-10-26 02:44:02,772 [INFO] fortress_director.agents.judge_agent: Judge verdict: {'consistent': True, 'reason': 'The content is consistent with established world, lore, and character logic. The scene setting matches the established atmosphere and tone of the world.'}
2025-10-26 02:44:02,772 [DEBUG] fortress_director.rules.rules_engine: Judge verdict for Rhea: {'consistent': True, 'reason': 'The content is consistent with established world, lore, and character logic. The scene setting matches the established atmosphere and tone of the world.'}
2025-10-26 02:44:02,772 [INFO] fortress_director.rules.rules_engine: Tier two validation passed.
2025-10-26 02:44:02,772 [DEBUG] fortress_director.rules.rules_engine: Applying effects for Rhea: {'flag_set': ['low_clouds_present']}
2025-10-26 02:44:02,772 [INFO] fortress_director.rules.rules_engine: State updated by rules engine.
2025-10-26 02:44:02,772 [DEBUG] fortress_director.rules.rules_engine: Output state: {'campaign_id': 'default_campaign', 'turn_limit': 10, 'current_turn': 0, 'rng_seed': 12345, 'scores': {'logic_score': 0, 'emotion_score': 0, 'corruption': 0}, 'flags': ['low_clouds_present'], 'memory_layers': [], 'active_layer': None, 'npc_fragments': {}, 'inventory': [], 'lore': {}, 'turn': 0, 'day': 1, 'time': 'dawn', 'current_room': 'entrance', 'recent_events': [], 'recent_motifs': [], 'world_constraint_from_prev_turn': {'atmosphere': 'low clouds hug the battlements', 'sensory_details': 'Drums thud beyond the walls while the wind carries grit.'}, 'player': {'name': 'The Shieldbearer', 'inventory': ['oil lamp', 'patched shield'], 'stats': {'resolve': 3, 'empathy': 2}, 'summary': 'A weary defender holding the western wall.'}, 'character_summary': 'Rhea is loyal but impulsive; Boris is cautious and calculating.', 'relationship_summary': 'Rhea trusts the player; Boris weighs every trade.', 'metrics': {'order': 50, 'morale': 50, 'resources': 40, 'knowledge': 45, 'corruption': 10, 'glitch': 12, 'risk_applied_total': 0, 'major_flag_set': False, 'major_events_triggered': 0, 'major_event_last_turn': None}, 'npc_trust': {}}
2025-10-26 02:44:02,772 [INFO] fortress_director.orchestrator.orchestrator: Rules engine accepted updates (turn=1)
2025-10-26 02:44:02,772 [INFO] fortress_director.orchestrator.orchestrator: Updating state and persisting...
2025-10-26 02:44:02,772 [DEBUG] fortress_director.rules.rules_engine: Status effects ticked: []
2025-10-26 02:44:02,772 [DEBUG] fortress_director.orchestrator.orchestrator: State after update: {"active_layer": null, "campaign_id": "default_campaign", "character_summary": "Rhea is loyal but impulsive; Boris is cautious and calculating.", "current_room": "entrance", "current_turn": 1, "day": 1, "flags": ["low_clouds_present"], "inventory": [], "lore": {}, "memory_layers": ["Turn 1: Ask the Shieldbearer about any threats they've noticed recently. -> The Shieldbearer stands watch at the entrance, her oil lamp casting flickering shadows on the stone ..."], "metrics": {"corruption": 10, "glitch": 12, "knowledge": 45, "major_event_last_turn": null, "major_events_triggered": 0, "major_fl...
2025-10-26 02:44:02,774 [DEBUG] fortress_director.orchestrator.orchestrator: State persisted to C:\Users\Fahri\OneDrive\Masaüstü\oyun\fortress_director\data\world_state.json (turn=1)
2025-10-26 02:44:02,774 [INFO] fortress_director.orchestrator.orchestrator: Executing safe function queue...
2025-10-26 02:44:02,774 [INFO] fortress_director.orchestrator.orchestrator: Safe function queue executed.
2025-10-26 02:44:02,774 [DEBUG] fortress_director.orchestrator.orchestrator: State snapshot loaded from C:\Users\Fahri\OneDrive\Masaüstü\oyun\fortress_director\data\world_state.json (turn=1)
2025-10-26 02:44:02,774 [DEBUG] fortress_director.utils.metrics_manager: MetricManager initialised with metrics: {'order': 50, 'morale': 50, 'resources': 40, 'knowledge': 45, 'corruption': 10, 'glitch': 12, 'risk_applied_total': 0, 'major_flag_set': False, 'major_events_triggered': 0, 'major_event_last_turn': None}
2025-10-26 02:44:02,774 [DEBUG] fortress_director.orchestrator.orchestrator: Final metrics snapshot: {'order': 50, 'morale': 50, 'resources': 40, 'knowledge': 45, 'corruption': 10, 'glitch': 12, 'risk_applied_total': 0, 'major_flag_set': False, 'major_events_triggered': 0, 'major_event_last_turn': None}
2025-10-26 02:44:02,774 [DEBUG] fortress_director.agents.judge_agent: Evaluating win/loss (turn=1/10) with metrics={'order': 50, 'morale': 50, 'resources': 40, 'knowledge': 45, 'corruption': 10, 'glitch': 12, 'risk_applied_total': 0, 'major_flag_set': False, 'major_events_triggered': 0, 'major_event_last_turn': None}
2025-10-26 02:44:02,774 [INFO] fortress_director.agents.judge_agent: Win/loss evaluation result: {'status': 'ongoing', 'reason': 'thresholds_not_met'}
2025-10-26 02:44:02,774 [INFO] fortress_director.orchestrator.orchestrator: Win/loss status after turn: {'status': 'ongoing', 'reason': 'thresholds_not_met'}
2025-10-26 02:44:02,774 [INFO] fortress_director.orchestrator.orchestrator: Turn result built.
2025-10-26 02:44:02,774 [DEBUG] fortress_director.orchestrator.orchestrator: Turn result before validation: {"WORLD_CONTEXT": "Turn 0 | Day 1 | Time dawn\nLocation: entrance\nPlayer: The Shieldbearer — A weary defender holding the western wall.\nInventory: oil lamp, patched shield\nWorld constraint: {\"atmosphere\": \"low clouds hug the battlements\", \"sensory_details\": \"Drums thud beyond the walls while the wind carries grit.\"}\nRecent events: none\nRecent motifs: none\nRecent major events: none\nRelationship summary: Rhea trusts the player; Boris weighs every trade.\nCharacter summary: Rhea is loyal but impulsive; Boris is cautious and calculating.\nMetrics: {\"order\": 50, \"morale\": 50, ...
2025-10-26 02:44:02,774 [INFO] fortress_director.orchestrator.orchestrator: Turn output validated successfully.
2025-10-26 02:44:02,774 [INFO] fortress_director.orchestrator.orchestrator: Turn completed successfully.
2025-10-26 02:44:02,790 [INFO] fortress_director.codeaware.function_registry: Registering safe function: change_weather
2025-10-26 02:44:02,790 [INFO] fortress_director.codeaware.function_registry: Safe function 'change_weather' registered successfully.
2025-10-26 02:44:02,790 [INFO] fortress_director.codeaware.function_registry: Registering safe function: spawn_item
2025-10-26 02:44:02,790 [INFO] fortress_director.codeaware.function_registry: Safe function 'spawn_item' registered successfully.
2025-10-26 02:44:02,790 [INFO] fortress_director.codeaware.function_registry: Registering safe function: move_npc
2025-10-26 02:44:02,790 [INFO] fortress_director.codeaware.function_registry: Safe function 'move_npc' registered successfully.
2025-10-26 02:44:02,790 [INFO] fortress_director.codeaware.function_registry: Registering safe function: adjust_logic
2025-10-26 02:44:02,791 [INFO] fortress_director.codeaware.function_registry: Safe function 'adjust_logic' registered successfully.
2025-10-26 02:44:02,791 [INFO] fortress_director.codeaware.function_registry: Registering safe function: adjust_emotion
2025-10-26 02:44:02,791 [INFO] fortress_director.codeaware.function_registry: Safe function 'adjust_emotion' registered successfully.
2025-10-26 02:44:02,791 [INFO] fortress_director.codeaware.function_registry: Registering safe function: raise_corruption
2025-10-26 02:44:02,791 [INFO] fortress_director.codeaware.function_registry: Safe function 'raise_corruption' registered successfully.
2025-10-26 02:44:02,791 [INFO] fortress_director.codeaware.function_registry: Registering safe function: advance_turn
2025-10-26 02:44:02,791 [INFO] fortress_director.codeaware.function_registry: Safe function 'advance_turn' registered successfully.
2025-10-26 02:44:02,792 [INFO] fortress_director.codeaware.function_registry: Registering safe function: modify_resources
2025-10-26 02:44:02,792 [INFO] fortress_director.codeaware.function_registry: Safe function 'modify_resources' registered successfully.
2025-10-26 02:44:02,792 [INFO] fortress_director.codeaware.function_registry: Registering safe function: adjust_metric
2025-10-26 02:44:02,792 [INFO] fortress_director.codeaware.function_registry: Safe function 'adjust_metric' registered successfully.
2025-10-26 02:44:02,792 [INFO] fortress_director.codeaware.function_registry: Registering safe function: move_room
2025-10-26 02:44:02,792 [INFO] fortress_director.codeaware.function_registry: Safe function 'move_room' registered successfully.
2025-10-26 02:44:02,793 [INFO] fortress_director.orchestrator.orchestrator: run_turn called (player_choice_id=None)
2025-10-26 02:44:02,793 [DEBUG] fortress_director.orchestrator.orchestrator: Resetting function validator and creating checkpoint: {'phase': 'turn_start'}
2025-10-26 02:44:02,793 [DEBUG] fortress_director.orchestrator.orchestrator: State snapshot loaded from C:\Users\Fahri\OneDrive\Masaüstü\oyun\fortress_director\data\world_state.json (turn=1)
2025-10-26 02:44:02,793 [INFO] fortress_director.codeaware.rollback_system: Checkpoint created (turn=1, call=None)
2025-10-26 02:44:02,793 [INFO] fortress_director.orchestrator.orchestrator: Turn execution started.
2025-10-26 02:44:02,793 [DEBUG] fortress_director.orchestrator.orchestrator: State snapshot loaded from C:\Users\Fahri\OneDrive\Masaüstü\oyun\fortress_director\data\world_state.json (turn=1)
2025-10-26 02:44:02,793 [DEBUG] fortress_director.orchestrator.orchestrator: Pre-turn state snapshot: {"active_layer": null, "campaign_id": "default_campaign", "character_summary": "Rhea is loyal but impulsive; Boris is cautious and calculating.", "current_room": "entrance", "current_turn": 1, "day": 1, "flags": ["low_clouds_present"], "inventory": [], "lore": {}, "memory_layers": ["Turn 1: Ask the Shieldbearer about any threats they've noticed recently. -> The Shieldbearer stands watch at the entrance, her oil lamp casting flickering shadows on the stone ..."], "metrics": {"corruption": 10, "glitch": 12, "knowledge": 45, "major_event_last_turn": null, "major_events_triggered": 0, "major_fl...
2025-10-26 02:44:02,793 [DEBUG] fortress_director.utils.metrics_manager: MetricManager initialised with metrics: {'order': 50, 'morale': 50, 'resources': 40, 'knowledge': 45, 'corruption': 10, 'glitch': 12, 'risk_applied_total': 0, 'major_flag_set': False, 'major_events_triggered': 0, 'major_event_last_turn': None}
2025-10-26 02:44:02,793 [DEBUG] fortress_director.orchestrator.orchestrator: Metrics at turn start: {'order': 50, 'morale': 50, 'resources': 40, 'knowledge': 45, 'corruption': 10, 'glitch': 12, 'risk_applied_total': 0, 'major_flag_set': False, 'major_events_triggered': 0, 'major_event_last_turn': None}
2025-10-26 02:44:02,793 [INFO] fortress_director.utils.glitch_manager: Resolving glitch (turn=2, seed=12345, current_glitch=12)
2025-10-26 02:44:02,793 [DEBUG] fortress_director.utils.glitch_manager: Metrics before glitch resolution: {'order': 50, 'morale': 50, 'resources': 40, 'knowledge': 45, 'corruption': 10, 'glitch': 12, 'risk_applied_total': 0, 'major_flag_set': False, 'major_events_triggered': 0, 'major_event_last_turn': None}
2025-10-26 02:44:02,793 [DEBUG] fortress_director.utils.metrics_manager: Adjusting metric 'glitch': current=12, delta=15, limits=(0, 100) (cause=glitch:overload)
2025-10-26 02:44:02,793 [DEBUG] fortress_director.utils.metrics_manager: Metric change logged: {'metric': 'glitch', 'delta': 15, 'value': 27, 'cause': 'glitch:overload'}
2025-10-26 02:44:02,793 [INFO] fortress_director.utils.metrics_manager: Metric 'glitch' updated from 12 to 27 (cause=glitch:overload)
2025-10-26 02:44:02,794 [INFO] fortress_director.utils.glitch_manager: Glitch roll complete: roll=99, triggered_loss=True
2025-10-26 02:44:02,794 [DEBUG] fortress_director.utils.glitch_manager: Metrics after glitch resolution: {'order': 50, 'morale': 50, 'resources': 40, 'knowledge': 45, 'corruption': 10, 'glitch': 27, 'risk_applied_total': 0, 'major_flag_set': False, 'major_events_triggered': 0, 'major_event_last_turn': None}
2025-10-26 02:44:02,794 [DEBUG] fortress_director.utils.glitch_manager: Glitch effects applied: ['Glitch cascade overwhelms containment protocols.']
2025-10-26 02:44:02,794 [INFO] fortress_director.orchestrator.orchestrator: Glitch resolution outcome: roll=99, triggered_loss=True
2025-10-26 02:44:02,795 [DEBUG] fortress_director.orchestrator.orchestrator: Metrics after glitch resolution: {'order': 50, 'morale': 50, 'resources': 40, 'knowledge': 45, 'corruption': 10, 'glitch': 27, 'risk_applied_total': 0, 'major_flag_set': False, 'major_events_triggered': 0, 'major_event_last_turn': None}
2025-10-26 02:44:02,795 [DEBUG] fortress_director.utils.metrics_manager: Adjusting metric 'glitch': current=27, delta=-1, limits=(0, 100) (cause=turn_recovery)
2025-10-26 02:44:02,795 [DEBUG] fortress_director.utils.metrics_manager: Metric change logged: {'metric': 'glitch', 'delta': -1, 'value': 26, 'cause': 'turn_recovery'}
2025-10-26 02:44:02,795 [INFO] fortress_director.utils.metrics_manager: Metric 'glitch' updated from 27 to 26 (cause=turn_recovery)
2025-10-26 02:44:02,795 [DEBUG] fortress_director.orchestrator.orchestrator: Metrics after glitch recovery: {'order': 50, 'morale': 50, 'resources': 40, 'knowledge': 45, 'corruption': 10, 'glitch': 26, 'risk_applied_total': 0, 'major_flag_set': False, 'major_events_triggered': 0, 'major_event_last_turn': None}
2025-10-26 02:44:02,795 [INFO] fortress_director.orchestrator.orchestrator: World context built.
2025-10-26 02:44:02,795 [DEBUG] fortress_director.orchestrator.orchestrator: World context payload: Turn 1 | Day 1 | Time dawn
Location: entrance
Player: The Shieldbearer — A weary defender holding the western wall.
Inventory: oil lamp, patched shield
World constraint: {"atmosphere": "Dawn breaks, casting a pale light over damp battlements.", "sensory_details": "The chill morning air carries the scent of rain and wet stone distant drums echo with promise."}
Recent events: The Shieldbearer stands watch at the entrance, her oil lamp casting flickering shadows on the stone walls. The low clouds hang heavy over the battlements, and the wind carries grit as drums thud beyon...
Recent motifs: none
Recent major events: none
Relationship summary: Rhea trusts the player; Boris weighs every trade.
Character summary: Rhea is loyal but impulsive; Boris is cautious and calculating.
Metrics: {"order": 50, "morale": 50, "resources": 40, "knowledge": 45, "corruption": 10, "glitch": 26, "risk_applied_total": 0, "major_flag_set": false, "major_events_triggered": 0, "major_event_last_turn": null}
2025-10-26 02:44:02,795 [INFO] fortress_director.orchestrator.orchestrator: Starting turn 1 in room entrance
2025-10-26 02:44:02,795 [DEBUG] fortress_director.orchestrator.orchestrator: World agent input: {"WORLD_CONTEXT": "Turn 1 | Day 1 | Time dawn\nLocation: entrance\nPlayer: The Shieldbearer — A weary defender holding the western wall.\nInventory: oil lamp, patched shield\nWorld constraint: {\"atmosphere\": \"Dawn breaks, casting a pale light over damp battlements.\", \"sensory_details\": \"The chill morning air carries the scent of rain and wet stone distant drums echo with promise.\"}\nRecent events: The Shieldbearer stands watch at the entrance, her oil lamp casting flickering shadows on the stone walls. The low clouds hang heavy over the battlements, and the wind carries grit as drum...
2025-10-26 02:44:02,795 [INFO] fortress_director.orchestrator.orchestrator: Calling world_agent.describe...
2025-10-26 02:44:02,795 [INFO] fortress_director.agents.world_agent: WorldAgent.describe called with variables: {'WORLD_CONTEXT': 'Turn 1 | Day 1 | Time dawn\nLocation: entrance\nPlayer: The Shieldbearer — A weary defender holding the western wall.\nInventory: oil lamp, patched shield\nWorld constraint: {"atmosphere": "Dawn breaks, casting a pale light over damp battlements.", "sensory_details": "The chill morning air carries the scent of rain and wet stone distant drums echo with promise."}\nRecent events: The Shieldbearer stands watch at the entrance, her oil lamp casting flickering shadows on the stone walls. The low clouds hang heavy over the battlements, and the wind carries grit as drums thud beyon...\nRecent motifs: none\nRecent major events: none\nRelationship summary: Rhea trusts the player; Boris weighs every trade.\nCharacter summary: Rhea is loyal but impulsive; Boris is cautious and calculating.\nMetrics: {"order": 50, "morale": 50, "resources": 40, "knowledge": 45, "corruption": 10, "glitch": 26, "risk_applied_total": 0, "major_flag_set": false, "major_events_triggered": 0, "major_event_last_turn": null}', 'room': 'entrance'}
2025-10-26 02:44:09,219 [DEBUG] fortress_director.agents.world_agent: Model returned: {'atmosphere': "Dawn'thin light over damp, battlemented walls", 'sensory_details': 'Cool air with rain scent and gritty wind; distant drums echoing promise'}
2025-10-26 02:44:09,219 [INFO] fortress_director.agents.world_agent: World description: {'atmosphere': "Dawn'thin light over damp, battlemented walls", 'sensory_details': 'Cool air with rain scent and gritty wind distant drums echoing promise'}
2025-10-26 02:44:09,219 [INFO] fortress_director.orchestrator.orchestrator: World agent returned output.
2025-10-26 02:44:09,219 [DEBUG] fortress_director.orchestrator.orchestrator: World agent output: {"atmosphere": "Dawn'thin light over damp, battlemented walls", "sensory_details": "Cool air with rain scent and gritty wind distant drums echoing promise"}
2025-10-26 02:44:09,219 [DEBUG] fortress_director.orchestrator.orchestrator: Event agent input: {"WORLD_CONTEXT": "Turn 1 | Day 1 | Time dawn\nLocation: entrance\nPlayer: The Shieldbearer — A weary defender holding the western wall.\nInventory: oil lamp, patched shield\nWorld constraint: {\"atmosphere\": \"Dawn breaks, casting a pale light over damp battlements.\", \"sensory_details\": \"The chill morning air carries the scent of rain and wet stone distant drums echo with promise.\"}\nRecent events: The Shieldbearer stands watch at the entrance, her oil lamp casting flickering shadows on the stone walls. The low clouds hang heavy over the battlements, and the wind carries grit as drum...
2025-10-26 02:44:09,219 [INFO] fortress_director.orchestrator.orchestrator: Calling event_agent.generate...
2025-10-26 02:44:09,219 [INFO] fortress_director.agents.event_agent: EventAgent.generate called with variables: {'WORLD_CONTEXT': 'Turn 1 | Day 1 | Time dawn\nLocation: entrance\nPlayer: The Shieldbearer — A weary defender holding the western wall.\nInventory: oil lamp, patched shield\nWorld constraint: {"atmosphere": "Dawn breaks, casting a pale light over damp battlements.", "sensory_details": "The chill morning air carries the scent of rain and wet stone distant drums echo with promise."}\nRecent events: The Shieldbearer stands watch at the entrance, her oil lamp casting flickering shadows on the stone walls. The low clouds hang heavy over the battlements, and the wind carries grit as drums thud beyon...\nRecent motifs: none\nRecent major events: none\nRelationship summary: Rhea trusts the player; Boris weighs every trade.\nCharacter summary: Rhea is loyal but impulsive; Boris is cautious and calculating.\nMetrics: {"order": 50, "morale": 50, "resources": 40, "knowledge": 45, "corruption": 10, "glitch": 26, "risk_applied_total": 0, "major_flag_set": false, "major_events_triggered": 0, "major_event_last_turn": null}', 'day': 1, 'time': 'dawn', 'room': 'entrance', 'recent_events': 'The Shieldbearer stands watch at the entrance, her oil lamp casting flickering shadows on the stone walls. The low clouds hang heavy over the battlements, and the wind carries grit as drums thud beyon...', 'world_constraint_from_prev_turn': '{"atmosphere": "Dawn breaks, casting a pale light over damp battlements.", "sensory_details": "The chill morning air carries the scent of rain and wet stone distant drums echo with promise."}', 'recent_motifs': 'none', 'lore_continuity_weight': 0, 'memory_layers': ["Turn 1: Ask the Shieldbearer about any threats they've noticed recently. -> The Shieldbearer stands watch at the entrance, her oil lamp casting flickering shadows on the stone ..."]}
2025-10-26 02:44:31,377 [DEBUG] fortress_director.agents.event_agent: Model returned: {'scene': 'The Shieldbearer, standing watch at the entrance, notices your approach. Her eyes flicker to the damp battlements and distant drums.', 'options': [{'id': '1', 'text': 'Approach the Shieldbearer and ask about the drums you hear in the distance.', 'action_type': 'dialog'}, {'id': '2', 'text': 'Ignoring the Shieldbearer, you focus on the distant drums, trying to discern their origin.', 'action_type': 'exploration'}, {'id': '3', 'text': 'Take a moment to rest, using your oil lamp to light the damp battlements.', 'action_type': 'interaction'}], 'major_event': False, 'safe_functions': []}
2025-10-26 02:44:31,377 [INFO] fortress_director.agents.event_agent: Normalized event output: {'scene': 'The Shieldbearer, standing watch at the entrance, notices your approach. Her eyes flicker to the damp battlements and distant drums.', 'options': [{'id': '1', 'text': 'Approach the Shieldbearer and ask about the drums you hear in the distance.', 'action_type': 'dialog'}, {'id': '2', 'text': 'Ignoring the Shieldbearer, you focus on the distant drums, trying to discern their origin.', 'action_type': 'exploration'}, {'id': '3', 'text': 'Take a moment to rest, using your oil lamp to light the damp battlements.', 'action_type': 'interaction'}], 'major_event': False, 'safe_functions': []}
2025-10-26 02:44:31,377 [INFO] fortress_director.orchestrator.orchestrator: Event agent returned output.
2025-10-26 02:44:31,377 [DEBUG] fortress_director.orchestrator.orchestrator: Event agent output: {"major_event": false, "options": [{"action_type": "dialog", "id": "1", "text": "Approach the Shieldbearer and ask about the drums you hear in the distance."}, {"action_type": "exploration", "id": "2", "text": "Ignoring the Shieldbearer, you focus on the distant drums, trying to discern their origin."}, {"action_type": "interaction", "id": "3", "text": "Take a moment to rest, using your oil lamp to light the damp battlements."}], "safe_functions": [], "scene": "The Shieldbearer, standing watch at the entrance, notices your approach. Her eyes flicker to the damp battlements and distant drums."}
2025-10-26 02:44:31,377 [INFO] fortress_director.orchestrator.orchestrator: Resolving player choice...
2025-10-26 02:44:31,377 [INFO] fortress_director.orchestrator.orchestrator: Player choice resolved: {'id': '1', 'text': 'Approach the Shieldbearer and ask about the drums you hear in the distance.', 'action_type': 'dialog'}
2025-10-26 02:44:31,377 [DEBUG] fortress_director.orchestrator.orchestrator: Player choice resolved: {"action_type": "dialog", "id": "1", "text": "Approach the Shieldbearer and ask about the drums you hear in the distance."}
2025-10-26 02:44:31,377 [DEBUG] fortress_director.orchestrator.orchestrator: No dynamic metrics for action_type 'dialog'
2025-10-26 02:44:31,377 [DEBUG] fortress_director.orchestrator.orchestrator: Character agent input: {"WORLD_CONTEXT": "Turn 1 | Day 1 | Time dawn\nLocation: entrance\nPlayer: The Shieldbearer — A weary defender holding the western wall.\nInventory: oil lamp, patched shield\nWorld constraint: {\"atmosphere\": \"Dawn breaks, casting a pale light over damp battlements.\", \"sensory_details\": \"The chill morning air carries the scent of rain and wet stone distant drums echo with promise.\"}\nRecent events: The Shieldbearer stands watch at the entrance, her oil lamp casting flickering shadows on the stone walls. The low clouds hang heavy over the battlements, and the wind carries grit as drum...
2025-10-26 02:44:31,377 [INFO] fortress_director.orchestrator.orchestrator: Calling character_agent.react...
2025-10-26 02:44:31,377 [INFO] fortress_director.agents.character_agent: CharacterAgent.react called with variables: {'WORLD_CONTEXT': 'Turn 1 | Day 1 | Time dawn\nLocation: entrance\nPlayer: The Shieldbearer — A weary defender holding the western wall.\nInventory: oil lamp, patched shield\nWorld constraint: {"atmosphere": "Dawn breaks, casting a pale light over damp battlements.", "sensory_details": "The chill morning air carries the scent of rain and wet stone distant drums echo with promise."}\nRecent events: The Shieldbearer stands watch at the entrance, her oil lamp casting flickering shadows on the stone walls. The low clouds hang heavy over the battlements, and the wind carries grit as drums thud beyon...\nRecent motifs: none\nRecent major events: none\nRelationship summary: Rhea trusts the player; Boris weighs every trade.\nCharacter summary: Rhea is loyal but impulsive; Boris is cautious and calculating.\nMetrics: {"order": 50, "morale": 50, "resources": 40, "knowledge": 45, "corruption": 10, "glitch": 26, "risk_applied_total": 0, "major_flag_set": false, "major_events_triggered": 0, "major_event_last_turn": null}', 'scene_short': 'The Shieldbearer, standing watch at the entrance, notices your approach. Her eyes flicker to the damp battlements and distant drums.', 'player_choice': 'Approach the Shieldbearer and ask about the drums you hear in the distance.', 'atmosphere': "Dawn'thin light over damp, battlemented walls", 'sensory_details': 'Cool air with rain scent and gritty wind distant drums echoing promise', 'char_brief': 'Rhea is loyal but impulsive; Boris is cautious and calculating.', 'relationship_summary_from_state': 'Rhea trusts the player; Boris weighs every trade.', 'player_inventory_brief': 'oil lamp, patched shield'}
2025-10-26 02:44:37,564 [DEBUG] fortress_director.agents.character_agent: Model returned: {'name': 'Shieldbearer', 'intent': 'vigilance', 'action': 'stand alert', 'speech': 'I stand vigilant. The shadows lengthen, and whispers of rain paint the air. A symphony of distant drums echoes, promising a storm.'}
2025-10-26 02:44:37,564 [INFO] fortress_director.agents.character_agent: Normalized output (dict): [{'name': 'Shieldbearer', 'intent': 'vigilance', 'action': 'stand alert', 'speech': 'I stand vigilant. The shadows lengthen, and whispers of rain paint the air. A symphony of distant drums echoes, promising a storm.', 'effects': {}}]
2025-10-26 02:44:37,564 [INFO] fortress_director.orchestrator.orchestrator: Character agent returned output.
2025-10-26 02:44:37,564 [DEBUG] fortress_director.orchestrator.orchestrator: Character agent output: [{"action": "stand alert", "effects": {}, "intent": "vigilance", "name": "Shieldbearer", "speech": "I stand vigilant. The shadows lengthen, and whispers of rain paint the air. A symphony of distant drums echoes, promising a storm."}]
2025-10-26 02:44:37,564 [INFO] fortress_director.orchestrator.orchestrator: Injecting major event effect...
2025-10-26 02:44:37,564 [INFO] fortress_director.orchestrator.orchestrator: Major event effect injected.
2025-10-26 02:44:37,564 [INFO] fortress_director.orchestrator.orchestrator: Submitting reactions to rules engine...
2025-10-26 02:44:37,564 [DEBUG] fortress_director.orchestrator.orchestrator: Submitting reactions to rules engine: [{"action": "stand alert", "effects": {}, "intent": "vigilance", "name": "Shieldbearer", "speech": "I stand vigilant. The shadows lengthen, and whispers of rain paint the air. A symphony of distant drums echoes, promising a storm."}]
2025-10-26 02:44:37,564 [INFO] fortress_director.rules.rules_engine: RulesEngine.process called.
2025-10-26 02:44:37,564 [DEBUG] fortress_director.rules.rules_engine: Input state: {'campaign_id': 'default_campaign', 'turn_limit': 10, 'current_turn': 1, 'rng_seed': 12345, 'scores': {'logic_score': 0, 'emotion_score': 0, 'corruption': 0}, 'flags': ['low_clouds_present'], 'memory_layers': ["Turn 1: Ask the Shieldbearer about any threats they've noticed recently. -> The Shieldbearer stands watch at the entrance, her oil lamp casting flickering shadows on the stone ..."], 'active_layer': None, 'npc_fragments': {}, 'inventory': [], 'lore': {}, 'turn': 1, 'day': 1, 'time': 'dawn', 'current_room': 'entrance', 'recent_events': ['The Shieldbearer stands watch at the entrance, her oil lamp casting flickering shadows on the stone walls. The low clouds hang heavy over the battlements, and the wind carries grit as drums thud beyon...'], 'recent_motifs': [], 'world_constraint_from_prev_turn': {'atmosphere': 'Dawn breaks, casting a pale light over damp battlements.', 'sensory_details': 'The chill morning air carries the scent of rain and wet stone distant drums echo with promise.'}, 'player': {'name': 'The Shieldbearer', 'inventory': ['oil lamp', 'patched shield'], 'stats': {'resolve': 3, 'empathy': 2}, 'summary': 'A weary defender holding the western wall.'}, 'character_summary': 'Rhea is loyal but impulsive; Boris is cautious and calculating.', 'relationship_summary': 'Rhea trusts the player; Boris weighs every trade.', 'metrics': {'order': 50, 'morale': 50, 'resources': 40, 'knowledge': 45, 'corruption': 10, 'glitch': 26, 'risk_applied_total': 0, 'major_flag_set': False, 'major_events_triggered': 0, 'major_event_last_turn': None}, 'npc_trust': {}, 'status_effects': []}
2025-10-26 02:44:37,564 [DEBUG] fortress_director.rules.rules_engine: Character events: [{'name': 'Shieldbearer', 'intent': 'vigilance', 'action': 'stand alert', 'speech': 'I stand vigilant. The shadows lengthen, and whispers of rain paint the air. A symphony of distant drums echoes, promising a storm.', 'effects': {}}]
2025-10-26 02:44:37,564 [DEBUG] fortress_director.rules.rules_engine: World context: Turn 1 | Day 1 | Time dawn
Location: entrance
Player: The Shieldbearer — A weary defender holding the western wall.
Inventory: oil lamp, patched shield
World constraint: {"atmosphere": "Dawn breaks, casting a pale light over damp battlements.", "sensory_details": "The chill morning air carries the scent of rain and wet stone distant drums echo with promise."}
Recent events: The Shieldbearer stands watch at the entrance, her oil lamp casting flickering shadows on the stone walls. The low clouds hang heavy over the battlements, and the wind carries grit as drums thud beyon...
Recent motifs: none
Recent major events: none
Relationship summary: Rhea trusts the player; Boris weighs every trade.
Character summary: Rhea is loyal but impulsive; Boris is cautious and calculating.
Metrics: {"order": 50, "morale": 50, "resources": 40, "knowledge": 45, "corruption": 10, "glitch": 26, "risk_applied_total": 0, "major_flag_set": false, "major_events_triggered": 0, "major_event_last_turn": null}, scene: The Shieldbearer, standing watch at the entrance, notices your approach. Her eyes flicker to the damp battlements and distant drums., player_choice: {'id': '1', 'text': 'Approach the Shieldbearer and ask about the drums you hear in the distance.', 'action_type': 'dialog'}
2025-10-26 02:44:37,566 [INFO] fortress_director.rules.rules_engine: RulesEngine._validate_tier_one called.
2025-10-26 02:44:37,566 [DEBUG] fortress_director.rules.rules_engine: Validating character event 0: {'name': 'Shieldbearer', 'intent': 'vigilance', 'action': 'stand alert', 'speech': 'I stand vigilant. The shadows lengthen, and whispers of rain paint the air. A symphony of distant drums echoes, promising a storm.', 'effects': {}}
2025-10-26 02:44:37,566 [INFO] fortress_director.rules.rules_engine: Tier one validation passed.
2025-10-26 02:44:37,566 [INFO] fortress_director.agents.judge_agent: JudgeAgent.evaluate called with variables
2025-10-26 02:44:42,906 [DEBUG] fortress_director.agents.judge_agent: Model returned: {'consistent': True, 'reason': 'The content is consistent with established world, lore, and character logic. The scene and player choice are appropriate for a watchful guard at an entrance.'}
2025-10-26 02:44:42,907 [INFO] fortress_director.agents.judge_agent: Judge verdict: {'consistent': True, 'reason': 'The content is consistent with established world, lore, and character logic. The scene and player choice are appropriate for a watchful guard at an entrance.'}
2025-10-26 02:44:42,907 [DEBUG] fortress_director.rules.rules_engine: Judge verdict for Shieldbearer: {'consistent': True, 'reason': 'The content is consistent with established world, lore, and character logic. The scene and player choice are appropriate for a watchful guard at an entrance.'}
2025-10-26 02:44:42,907 [INFO] fortress_director.rules.rules_engine: Tier two validation passed.
2025-10-26 02:44:42,907 [DEBUG] fortress_director.rules.rules_engine: Applying effects for Shieldbearer: {}
2025-10-26 02:44:42,907 [INFO] fortress_director.rules.rules_engine: State updated by rules engine.
2025-10-26 02:44:42,907 [DEBUG] fortress_director.rules.rules_engine: Output state: {'campaign_id': 'default_campaign', 'turn_limit': 10, 'current_turn': 1, 'rng_seed': 12345, 'scores': {'logic_score': 0, 'emotion_score': 0, 'corruption': 0}, 'flags': ['low_clouds_present'], 'memory_layers': ["Turn 1: Ask the Shieldbearer about any threats they've noticed recently. -> The Shieldbearer stands watch at the entrance, her oil lamp casting flickering shadows on the stone ..."], 'active_layer': None, 'npc_fragments': {}, 'inventory': [], 'lore': {}, 'turn': 1, 'day': 1, 'time': 'dawn', 'current_room': 'entrance', 'recent_events': ['The Shieldbearer stands watch at the entrance, her oil lamp casting flickering shadows on the stone walls. The low clouds hang heavy over the battlements, and the wind carries grit as drums thud beyon...'], 'recent_motifs': [], 'world_constraint_from_prev_turn': {'atmosphere': 'Dawn breaks, casting a pale light over damp battlements.', 'sensory_details': 'The chill morning air carries the scent of rain and wet stone distant drums echo with promise.'}, 'player': {'name': 'The Shieldbearer', 'inventory': ['oil lamp', 'patched shield'], 'stats': {'resolve': 3, 'empathy': 2}, 'summary': 'A weary defender holding the western wall.'}, 'character_summary': 'Rhea is loyal but impulsive; Boris is cautious and calculating.', 'relationship_summary': 'Rhea trusts the player; Boris weighs every trade.', 'metrics': {'order': 50, 'morale': 50, 'resources': 40, 'knowledge': 45, 'corruption': 10, 'glitch': 26, 'risk_applied_total': 0, 'major_flag_set': False, 'major_events_triggered': 0, 'major_event_last_turn': None}, 'npc_trust': {}, 'status_effects': []}
2025-10-26 02:44:42,907 [INFO] fortress_director.orchestrator.orchestrator: Rules engine accepted updates (turn=2)
2025-10-26 02:44:42,907 [INFO] fortress_director.orchestrator.orchestrator: Updating state and persisting...
2025-10-26 02:44:42,908 [DEBUG] fortress_director.rules.rules_engine: Status effects ticked: []
2025-10-26 02:44:42,908 [DEBUG] fortress_director.orchestrator.orchestrator: State after update: {"active_layer": null, "campaign_id": "default_campaign", "character_summary": "Rhea is loyal but impulsive; Boris is cautious and calculating.", "current_room": "entrance", "current_turn": 2, "day": 1, "flags": ["low_clouds_present"], "inventory": [], "lore": {}, "memory_layers": ["Turn 1: Ask the Shieldbearer about any threats they've noticed recently. -> The Shieldbearer stands watch at the entrance, her oil lamp casting flickering shadows on the stone ...", "Turn 2: Approach the Shieldbearer and ask about the drums you hear in the distance. -> The Shieldbearer, standing watch at the ent...
2025-10-26 02:44:42,908 [DEBUG] fortress_director.orchestrator.orchestrator: State persisted to C:\Users\Fahri\OneDrive\Masaüstü\oyun\fortress_director\data\world_state.json (turn=2)
2025-10-26 02:44:42,908 [INFO] fortress_director.orchestrator.orchestrator: Executing safe function queue...
2025-10-26 02:44:42,908 [INFO] fortress_director.orchestrator.orchestrator: Safe function queue executed.
2025-10-26 02:44:42,909 [DEBUG] fortress_director.orchestrator.orchestrator: State snapshot loaded from C:\Users\Fahri\OneDrive\Masaüstü\oyun\fortress_director\data\world_state.json (turn=2)
2025-10-26 02:44:42,909 [DEBUG] fortress_director.utils.metrics_manager: MetricManager initialised with metrics: {'order': 50, 'morale': 50, 'resources': 40, 'knowledge': 45, 'corruption': 10, 'glitch': 26, 'risk_applied_total': 0, 'major_flag_set': False, 'major_events_triggered': 0, 'major_event_last_turn': None}
2025-10-26 02:44:42,909 [DEBUG] fortress_director.orchestrator.orchestrator: Final metrics snapshot: {'order': 50, 'morale': 50, 'resources': 40, 'knowledge': 45, 'corruption': 10, 'glitch': 26, 'risk_applied_total': 0, 'major_flag_set': False, 'major_events_triggered': 0, 'major_event_last_turn': None}
2025-10-26 02:44:42,909 [DEBUG] fortress_director.agents.judge_agent: Evaluating win/loss (turn=2/10) with metrics={'order': 50, 'morale': 50, 'resources': 40, 'knowledge': 45, 'corruption': 10, 'glitch': 26, 'risk_applied_total': 0, 'major_flag_set': False, 'major_events_triggered': 0, 'major_event_last_turn': None}
2025-10-26 02:44:42,909 [INFO] fortress_director.agents.judge_agent: Win/loss evaluation result: {'status': 'loss', 'reason': 'glitch_overload'}
2025-10-26 02:44:42,909 [INFO] fortress_director.orchestrator.orchestrator: Win/loss status after turn: {'status': 'loss', 'reason': 'glitch_overload'}
2025-10-26 02:44:42,910 [DEBUG] fortress_director.orchestrator.orchestrator: State persisted to C:\Users\Fahri\OneDrive\Masaüstü\oyun\fortress_director\data\world_state.json (turn=2)
2025-10-26 02:44:42,910 [INFO] fortress_director.orchestrator.orchestrator: Game finalized, state persisted.
2025-10-26 02:44:42,910 [INFO] fortress_director.orchestrator.orchestrator: Turn result built.
2025-10-26 02:44:42,910 [DEBUG] fortress_director.orchestrator.orchestrator: Turn result before validation: {"WORLD_CONTEXT": "Turn 1 | Day 1 | Time dawn\nLocation: entrance\nPlayer: The Shieldbearer — A weary defender holding the western wall.\nInventory: oil lamp, patched shield\nWorld constraint: {\"atmosphere\": \"Dawn breaks, casting a pale light over damp battlements.\", \"sensory_details\": \"The chill morning air carries the scent of rain and wet stone distant drums echo with promise.\"}\nRecent events: The Shieldbearer stands watch at the entrance, her oil lamp casting flickering shadows on the stone walls. The low clouds hang heavy over the battlements, and the wind carries grit as drum...
2025-10-26 02:44:42,910 [INFO] fortress_director.orchestrator.orchestrator: Turn output validated successfully.
2025-10-26 02:44:42,910 [INFO] fortress_director.orchestrator.orchestrator: Turn completed successfully.
