2025-10-29 16:04:46,590 [DEBUG] root: Logging configured (console=INFO, file=DEBUG, path=C:\Users\Fahri\OneDrive\Masaüstü\oyun\logs\turn_20251029_130446.log)
2025-10-29 16:04:46,590 [DEBUG] cli: Logging configured via CLI (console level=INFO, path=C:\Users\Fahri\OneDrive\Masaüstü\oyun\logs\turn_20251029_130446.log)
2025-10-29 16:04:46,590 [INFO] cli: Detailed logs written to C:\Users\Fahri\OneDrive\Masaüstü\oyun\logs\turn_20251029_130446.log
2025-10-29 16:04:46,848 [DEBUG] root: Logging configured (console=INFO, file=DEBUG, path=C:\Users\Fahri\OneDrive\Masaüstü\oyun\logs\turn_20251029_130446.log)
2025-10-29 16:04:46,848 [DEBUG] cli: Logging configured via CLI (console level=INFO, path=C:\Users\Fahri\OneDrive\Masaüstü\oyun\logs\turn_20251029_130446.log)
2025-10-29 16:04:46,849 [INFO] cli: Detailed logs written to C:\Users\Fahri\OneDrive\Masaüstü\oyun\logs\turn_20251029_130446.log
2025-10-29 16:04:46,850 [INFO] fortress_director.codeaware.function_registry: Registering safe function: change_weather
2025-10-29 16:04:46,850 [INFO] fortress_director.codeaware.function_registry: Safe function 'change_weather' registered successfully.
2025-10-29 16:04:46,850 [INFO] fortress_director.codeaware.function_registry: Registering safe function: spawn_item
2025-10-29 16:04:46,850 [INFO] fortress_director.codeaware.function_registry: Safe function 'spawn_item' registered successfully.
2025-10-29 16:04:46,852 [INFO] fortress_director.codeaware.function_registry: Registering safe function: move_npc
2025-10-29 16:04:46,852 [INFO] fortress_director.codeaware.function_registry: Safe function 'move_npc' registered successfully.
2025-10-29 16:04:46,852 [INFO] fortress_director.codeaware.function_registry: Registering safe function: adjust_logic
2025-10-29 16:04:46,852 [INFO] fortress_director.codeaware.function_registry: Safe function 'adjust_logic' registered successfully.
2025-10-29 16:04:46,852 [INFO] fortress_director.codeaware.function_registry: Registering safe function: adjust_emotion
2025-10-29 16:04:46,852 [INFO] fortress_director.codeaware.function_registry: Safe function 'adjust_emotion' registered successfully.
2025-10-29 16:04:46,852 [INFO] fortress_director.codeaware.function_registry: Registering safe function: raise_corruption
2025-10-29 16:04:46,852 [INFO] fortress_director.codeaware.function_registry: Safe function 'raise_corruption' registered successfully.
2025-10-29 16:04:46,852 [INFO] fortress_director.codeaware.function_registry: Registering safe function: advance_turn
2025-10-29 16:04:46,852 [INFO] fortress_director.codeaware.function_registry: Safe function 'advance_turn' registered successfully.
2025-10-29 16:04:46,852 [INFO] fortress_director.codeaware.function_registry: Registering safe function: modify_resources
2025-10-29 16:04:46,852 [INFO] fortress_director.codeaware.function_registry: Safe function 'modify_resources' registered successfully.
2025-10-29 16:04:46,852 [INFO] fortress_director.codeaware.function_registry: Registering safe function: adjust_metric
2025-10-29 16:04:46,852 [INFO] fortress_director.codeaware.function_registry: Safe function 'adjust_metric' registered successfully.
2025-10-29 16:04:46,852 [INFO] fortress_director.codeaware.function_registry: Registering safe function: move_room
2025-10-29 16:04:46,852 [INFO] fortress_director.codeaware.function_registry: Safe function 'move_room' registered successfully.
2025-10-29 16:04:46,853 [INFO] fortress_director.orchestrator.orchestrator: run_turn called (player_choice_id=None)
2025-10-29 16:04:46,853 [DEBUG] fortress_director.orchestrator.orchestrator: Resetting function validator and creating checkpoint: {'phase': 'turn_start'}
2025-10-29 16:04:46,853 [DEBUG] fortress_director.orchestrator.orchestrator: State snapshot loaded from C:\Users\Fahri\OneDrive\Masaüstü\oyun\fortress_director\data\world_state.json (turn=22)
2025-10-29 16:04:46,853 [INFO] fortress_director.codeaware.rollback_system: Checkpoint created (turn=22, call=None)
2025-10-29 16:04:46,853 [INFO] fortress_director.orchestrator.orchestrator: Turn execution started.
2025-10-29 16:04:46,853 [DEBUG] fortress_director.orchestrator.orchestrator: State snapshot loaded from C:\Users\Fahri\OneDrive\Masaüstü\oyun\fortress_director\data\world_state.json (turn=22)
2025-10-29 16:04:46,853 [DEBUG] fortress_director.orchestrator.orchestrator: Pre-turn state snapshot: {"active_layer": null, "campaign_id": "default_campaign", "character_summary": "Rhea is loyal but impulsive; Boris is cautious and calculating.", "current_room": "keep", "current_turn": 22, "day": 5, "final_summary": "Defeat - turn_limit_exceeded | Morale: 57, Order: 40, Resources: 24 | Glitch level: 49, Major events: 5 | Last major event: turn 15 | Notable characters: Rhea is loyal but impulsive; Boris is cautious and calculating.", "finalized": true, "flags": ["major_injected_event", "atmosphere_change", "major_wall_alert", "atmosphere", "mystery_figure", "character_movement_detected", "f...
2025-10-29 16:04:46,853 [INFO] fortress_director.orchestrator.orchestrator: Game already finalized, terminating turn early.
2025-10-29 16:04:46,853 [DEBUG] fortress_director.utils.metrics_manager: MetricManager initialised with metrics: {'order': 40, 'morale': 56, 'resources': 24, 'knowledge': 55, 'corruption': 10, 'glitch': 47, 'risk_applied_total': 0, 'major_flag_set': True, 'major_events_triggered': 5, 'major_event_last_turn': 14}
