2025-10-26 02:42:10,260 [DEBUG] root: Logging configured (console=INFO, file=DEBUG, path=C:\Users\Fahri\OneDrive\Masaüstü\oyun\fortress_director\logs\turn_20251025_234210.log)
2025-10-26 02:42:10,260 [DEBUG] __main__: Logging configured via CLI (console level=INFO, path=C:\Users\Fahri\OneDrive\Masaüstü\oyun\fortress_director\logs\turn_20251025_234210.log)
2025-10-26 02:42:10,260 [INFO] __main__: Detailed logs written to C:\Users\Fahri\OneDrive\Masaüstü\oyun\fortress_director\logs\turn_20251025_234210.log
2025-10-26 02:42:10,263 [INFO] fortress_director.codeaware.function_registry: Registering safe function: change_weather
2025-10-26 02:42:10,263 [INFO] fortress_director.codeaware.function_registry: Safe function 'change_weather' registered successfully.
2025-10-26 02:42:10,263 [INFO] fortress_director.codeaware.function_registry: Registering safe function: spawn_item
2025-10-26 02:42:10,264 [INFO] fortress_director.codeaware.function_registry: Safe function 'spawn_item' registered successfully.
2025-10-26 02:42:10,264 [INFO] fortress_director.codeaware.function_registry: Registering safe function: move_npc
2025-10-26 02:42:10,264 [INFO] fortress_director.codeaware.function_registry: Safe function 'move_npc' registered successfully.
2025-10-26 02:42:10,264 [INFO] fortress_director.codeaware.function_registry: Registering safe function: adjust_logic
2025-10-26 02:42:10,264 [INFO] fortress_director.codeaware.function_registry: Safe function 'adjust_logic' registered successfully.
2025-10-26 02:42:10,264 [INFO] fortress_director.codeaware.function_registry: Registering safe function: adjust_emotion
2025-10-26 02:42:10,264 [INFO] fortress_director.codeaware.function_registry: Safe function 'adjust_emotion' registered successfully.
2025-10-26 02:42:10,264 [INFO] fortress_director.codeaware.function_registry: Registering safe function: raise_corruption
2025-10-26 02:42:10,264 [INFO] fortress_director.codeaware.function_registry: Safe function 'raise_corruption' registered successfully.
2025-10-26 02:42:10,264 [INFO] fortress_director.codeaware.function_registry: Registering safe function: advance_turn
2025-10-26 02:42:10,264 [INFO] fortress_director.codeaware.function_registry: Safe function 'advance_turn' registered successfully.
2025-10-26 02:42:10,264 [INFO] fortress_director.codeaware.function_registry: Registering safe function: modify_resources
2025-10-26 02:42:10,265 [INFO] fortress_director.codeaware.function_registry: Safe function 'modify_resources' registered successfully.
2025-10-26 02:42:10,265 [INFO] fortress_director.codeaware.function_registry: Registering safe function: adjust_metric
2025-10-26 02:42:10,265 [INFO] fortress_director.codeaware.function_registry: Safe function 'adjust_metric' registered successfully.
2025-10-26 02:42:10,265 [INFO] fortress_director.codeaware.function_registry: Registering safe function: move_room
2025-10-26 02:42:10,265 [INFO] fortress_director.codeaware.function_registry: Safe function 'move_room' registered successfully.
2025-10-26 02:42:10,265 [INFO] fortress_director.orchestrator.orchestrator: run_turn called (player_choice_id=None)
2025-10-26 02:42:10,265 [DEBUG] fortress_director.orchestrator.orchestrator: Resetting function validator and creating checkpoint: {'phase': 'turn_start'}
2025-10-26 02:42:10,266 [DEBUG] fortress_director.orchestrator.orchestrator: State snapshot loaded from C:\Users\Fahri\OneDrive\Masaüstü\oyun\fortress_director\data\world_state.json (turn=0)
2025-10-26 02:42:10,266 [INFO] fortress_director.codeaware.rollback_system: Checkpoint created (turn=0, call=None)
2025-10-26 02:42:10,266 [INFO] fortress_director.orchestrator.orchestrator: Turn execution started.
2025-10-26 02:42:10,266 [DEBUG] fortress_director.orchestrator.orchestrator: State snapshot loaded from C:\Users\Fahri\OneDrive\Masaüstü\oyun\fortress_director\data\world_state.json (turn=0)
2025-10-26 02:42:10,266 [DEBUG] fortress_director.orchestrator.orchestrator: Pre-turn state snapshot: {"active_layer": null, "campaign_id": "default_campaign", "character_summary": "Rhea is loyal but impulsive; Boris is cautious and calculating.", "current_room": "entrance", "current_turn": 0, "day": 1, "flags": [], "inventory": [], "lore": {}, "memory_layers": [], "metrics": {"corruption": 10, "glitch": 12, "knowledge": 45, "major_event_last_turn": null, "major_events_triggered": 0, "major_flag_set": false, "morale": 50, "order": 50, "resources": 40, "risk_applied_total": 0}, "npc_fragments": {}, "npc_trust": {}, "player": {"inventory": ["oil lamp", "patched shield"], "name": "The Shieldbe...
2025-10-26 02:42:10,266 [DEBUG] fortress_director.utils.metrics_manager: MetricManager initialised with metrics: {'order': 50, 'morale': 50, 'resources': 40, 'knowledge': 45, 'corruption': 10, 'glitch': 12, 'risk_applied_total': 0, 'major_flag_set': False, 'major_events_triggered': 0, 'major_event_last_turn': None}
2025-10-26 02:42:10,266 [DEBUG] fortress_director.orchestrator.orchestrator: Metrics at turn start: {'order': 50, 'morale': 50, 'resources': 40, 'knowledge': 45, 'corruption': 10, 'glitch': 12, 'risk_applied_total': 0, 'major_flag_set': False, 'major_events_triggered': 0, 'major_event_last_turn': None}
2025-10-26 02:42:10,266 [INFO] fortress_director.utils.glitch_manager: Resolving glitch (turn=1, seed=12345, current_glitch=12)
2025-10-26 02:42:10,266 [DEBUG] fortress_director.utils.glitch_manager: Metrics before glitch resolution: {'order': 50, 'morale': 50, 'resources': 40, 'knowledge': 45, 'corruption': 10, 'glitch': 12, 'risk_applied_total': 0, 'major_flag_set': False, 'major_events_triggered': 0, 'major_event_last_turn': None}
2025-10-26 02:42:10,266 [DEBUG] fortress_director.utils.metrics_manager: Adjusting metric 'glitch': current=12, delta=1, limits=(0, 100) (cause=glitch:cosmetic_noise)
2025-10-26 02:42:10,267 [DEBUG] fortress_director.utils.metrics_manager: Metric change logged: {'metric': 'glitch', 'delta': 1, 'value': 13, 'cause': 'glitch:cosmetic_noise'}
2025-10-26 02:42:10,267 [INFO] fortress_director.utils.metrics_manager: Metric 'glitch' updated from 12 to 13 (cause=glitch:cosmetic_noise)
2025-10-26 02:42:10,267 [INFO] fortress_director.utils.glitch_manager: Glitch roll complete: roll=7, triggered_loss=False
2025-10-26 02:42:10,267 [DEBUG] fortress_director.utils.glitch_manager: Metrics after glitch resolution: {'order': 50, 'morale': 50, 'resources': 40, 'knowledge': 45, 'corruption': 10, 'glitch': 13, 'risk_applied_total': 0, 'major_flag_set': False, 'major_events_triggered': 0, 'major_event_last_turn': None}
2025-10-26 02:42:10,267 [DEBUG] fortress_director.utils.glitch_manager: Glitch effects applied: ['Minor static ripples along the parapets.']
2025-10-26 02:42:10,267 [INFO] fortress_director.orchestrator.orchestrator: Glitch resolution outcome: roll=7, triggered_loss=False
2025-10-26 02:42:10,267 [DEBUG] fortress_director.orchestrator.orchestrator: Metrics after glitch resolution: {'order': 50, 'morale': 50, 'resources': 40, 'knowledge': 45, 'corruption': 10, 'glitch': 13, 'risk_applied_total': 0, 'major_flag_set': False, 'major_events_triggered': 0, 'major_event_last_turn': None}
2025-10-26 02:42:10,267 [DEBUG] fortress_director.utils.metrics_manager: Adjusting metric 'glitch': current=13, delta=-1, limits=(0, 100) (cause=turn_recovery)
2025-10-26 02:42:10,267 [DEBUG] fortress_director.utils.metrics_manager: Metric change logged: {'metric': 'glitch', 'delta': -1, 'value': 12, 'cause': 'turn_recovery'}
2025-10-26 02:42:10,267 [INFO] fortress_director.utils.metrics_manager: Metric 'glitch' updated from 13 to 12 (cause=turn_recovery)
2025-10-26 02:42:10,267 [DEBUG] fortress_director.orchestrator.orchestrator: Metrics after glitch recovery: {'order': 50, 'morale': 50, 'resources': 40, 'knowledge': 45, 'corruption': 10, 'glitch': 12, 'risk_applied_total': 0, 'major_flag_set': False, 'major_events_triggered': 0, 'major_event_last_turn': None}
2025-10-26 02:42:10,267 [INFO] fortress_director.orchestrator.orchestrator: World context built.
2025-10-26 02:42:10,268 [DEBUG] fortress_director.orchestrator.orchestrator: World context payload: Turn 0 | Day 1 | Time dawn
Location: entrance
Player: The Shieldbearer — A weary defender holding the western wall.
Inventory: oil lamp, patched shield
World constraint: {"atmosphere": "low clouds hug the battlements", "sensory_details": "Drums thud beyond the walls while the wind carries grit."}
Recent events: none
Recent motifs: none
Recent major events: none
Relationship summary: Rhea trusts the player; Boris weighs every trade.
Character summary: Rhea is loyal but impulsive; Boris is cautious and calculating.
Metrics: {"order": 50, "morale": 50, "resources": 40, "knowledge": 45, "corruption": 10, "glitch": 12, "risk_applied_total": 0, "major_flag_set": false, "major_events_triggered": 0, "major_event_last_turn": null}
2025-10-26 02:42:10,268 [INFO] fortress_director.orchestrator.orchestrator: Starting turn 0 in room entrance
2025-10-26 02:42:10,268 [DEBUG] fortress_director.orchestrator.orchestrator: World agent input: {"WORLD_CONTEXT": "Turn 0 | Day 1 | Time dawn\nLocation: entrance\nPlayer: The Shieldbearer — A weary defender holding the western wall.\nInventory: oil lamp, patched shield\nWorld constraint: {\"atmosphere\": \"low clouds hug the battlements\", \"sensory_details\": \"Drums thud beyond the walls while the wind carries grit.\"}\nRecent events: none\nRecent motifs: none\nRecent major events: none\nRelationship summary: Rhea trusts the player; Boris weighs every trade.\nCharacter summary: Rhea is loyal but impulsive; Boris is cautious and calculating.\nMetrics: {\"order\": 50, \"morale\": 50, ...
2025-10-26 02:42:10,268 [INFO] fortress_director.orchestrator.orchestrator: Calling world_agent.describe...
2025-10-26 02:42:10,268 [INFO] fortress_director.agents.world_agent: WorldAgent.describe called with variables: {'WORLD_CONTEXT': 'Turn 0 | Day 1 | Time dawn\nLocation: entrance\nPlayer: The Shieldbearer — A weary defender holding the western wall.\nInventory: oil lamp, patched shield\nWorld constraint: {"atmosphere": "low clouds hug the battlements", "sensory_details": "Drums thud beyond the walls while the wind carries grit."}\nRecent events: none\nRecent motifs: none\nRecent major events: none\nRelationship summary: Rhea trusts the player; Boris weighs every trade.\nCharacter summary: Rhea is loyal but impulsive; Boris is cautious and calculating.\nMetrics: {"order": 50, "morale": 50, "resources": 40, "knowledge": 45, "corruption": 10, "glitch": 12, "risk_applied_total": 0, "major_flag_set": false, "major_events_triggered": 0, "major_event_last_turn": null}', 'room': 'entrance'}
2025-10-26 02:42:16,971 [DEBUG] fortress_director.agents.world_agent: Model returned: {'atmosphere': 'Dawn breaks, casting a pale light over damp battlements.', 'sensory_details': 'The scent of wet stone mingles with the distant clangor of metal and wood as guards patrol.'}
2025-10-26 02:42:16,971 [INFO] fortress_director.agents.world_agent: World description: {'atmosphere': 'Dawn breaks, casting a pale light over damp battlements.', 'sensory_details': 'The scent of wet stone mingles with the distant clangor of metal and wood as guards patrol.'}
2025-10-26 02:42:16,971 [INFO] fortress_director.orchestrator.orchestrator: World agent returned output.
2025-10-26 02:42:16,971 [DEBUG] fortress_director.orchestrator.orchestrator: World agent output: {"atmosphere": "Dawn breaks, casting a pale light over damp battlements.", "sensory_details": "The scent of wet stone mingles with the distant clangor of metal and wood as guards patrol."}
2025-10-26 02:42:16,971 [DEBUG] fortress_director.orchestrator.orchestrator: Event agent input: {"WORLD_CONTEXT": "Turn 0 | Day 1 | Time dawn\nLocation: entrance\nPlayer: The Shieldbearer — A weary defender holding the western wall.\nInventory: oil lamp, patched shield\nWorld constraint: {\"atmosphere\": \"low clouds hug the battlements\", \"sensory_details\": \"Drums thud beyond the walls while the wind carries grit.\"}\nRecent events: none\nRecent motifs: none\nRecent major events: none\nRelationship summary: Rhea trusts the player; Boris weighs every trade.\nCharacter summary: Rhea is loyal but impulsive; Boris is cautious and calculating.\nMetrics: {\"order\": 50, \"morale\": 50, ...
2025-10-26 02:42:16,971 [INFO] fortress_director.orchestrator.orchestrator: Calling event_agent.generate...
2025-10-26 02:42:16,971 [INFO] fortress_director.agents.event_agent: EventAgent.generate called with variables: {'WORLD_CONTEXT': 'Turn 0 | Day 1 | Time dawn\nLocation: entrance\nPlayer: The Shieldbearer — A weary defender holding the western wall.\nInventory: oil lamp, patched shield\nWorld constraint: {"atmosphere": "low clouds hug the battlements", "sensory_details": "Drums thud beyond the walls while the wind carries grit."}\nRecent events: none\nRecent motifs: none\nRecent major events: none\nRelationship summary: Rhea trusts the player; Boris weighs every trade.\nCharacter summary: Rhea is loyal but impulsive; Boris is cautious and calculating.\nMetrics: {"order": 50, "morale": 50, "resources": 40, "knowledge": 45, "corruption": 10, "glitch": 12, "risk_applied_total": 0, "major_flag_set": false, "major_events_triggered": 0, "major_event_last_turn": null}', 'day': 1, 'time': 'dawn', 'room': 'entrance', 'recent_events': 'none', 'world_constraint_from_prev_turn': '{"atmosphere": "low clouds hug the battlements", "sensory_details": "Drums thud beyond the walls while the wind carries grit."}', 'recent_motifs': 'none', 'lore_continuity_weight': 0, 'memory_layers': []}
2025-10-26 02:42:39,552 [DEBUG] fortress_director.agents.event_agent: Model returned: {'scene': 'The Shieldbearer stands guard at the entrance, her oil lamp casting a feeble glow against the low clouds and gritty wind. The drums beyond the walls echo ominously.', 'options': [{'id': '1', 'text': 'Approach the Shieldbearer and ask about the drums you hear.', 'action_type': 'dialog'}, {'id': '2', 'text': 'Take a moment to study the battlements, searching for any weaknesses.', 'action_type': 'exploration'}, {'id': '3', 'text': "Light your oil lamp with the spare from the Shieldbearer's stand.", 'action_type': 'interaction'}], 'major_event': False, 'safe_functions': []}
2025-10-26 02:42:39,552 [INFO] fortress_director.agents.event_agent: Normalized event output: {'scene': 'The Shieldbearer stands guard at the entrance, her oil lamp casting a feeble glow against the low clouds and gritty wind. The drums beyond the walls echo ominously.', 'options': [{'id': '1', 'text': 'Approach the Shieldbearer and ask about the drums you hear.', 'action_type': 'dialog'}, {'id': '2', 'text': 'Take a moment to study the battlements, searching for any weaknesses.', 'action_type': 'exploration'}, {'id': '3', 'text': "Light your oil lamp with the spare from the Shieldbearer's stand.", 'action_type': 'interaction'}], 'major_event': False, 'safe_functions': []}
2025-10-26 02:42:39,552 [INFO] fortress_director.orchestrator.orchestrator: Event agent returned output.
2025-10-26 02:42:39,552 [DEBUG] fortress_director.orchestrator.orchestrator: Event agent output: {"major_event": false, "options": [{"action_type": "dialog", "id": "1", "text": "Approach the Shieldbearer and ask about the drums you hear."}, {"action_type": "exploration", "id": "2", "text": "Take a moment to study the battlements, searching for any weaknesses."}, {"action_type": "interaction", "id": "3", "text": "Light your oil lamp with the spare from the Shieldbearer's stand."}], "safe_functions": [], "scene": "The Shieldbearer stands guard at the entrance, her oil lamp casting a feeble glow against the low clouds and gritty wind. The drums beyond the walls echo ominously."}
2025-10-26 02:42:39,552 [INFO] fortress_director.orchestrator.orchestrator: Resolving player choice...
2025-10-26 02:42:39,552 [INFO] fortress_director.orchestrator.orchestrator: Player choice resolved: {'id': '1', 'text': 'Approach the Shieldbearer and ask about the drums you hear.', 'action_type': 'dialog'}
2025-10-26 02:42:39,553 [DEBUG] fortress_director.orchestrator.orchestrator: Player choice resolved: {"action_type": "dialog", "id": "1", "text": "Approach the Shieldbearer and ask about the drums you hear."}
2025-10-26 02:42:39,553 [DEBUG] fortress_director.orchestrator.orchestrator: No dynamic metrics for action_type 'dialog'
2025-10-26 02:42:39,553 [DEBUG] fortress_director.orchestrator.orchestrator: Character agent input: {"WORLD_CONTEXT": "Turn 0 | Day 1 | Time dawn\nLocation: entrance\nPlayer: The Shieldbearer — A weary defender holding the western wall.\nInventory: oil lamp, patched shield\nWorld constraint: {\"atmosphere\": \"low clouds hug the battlements\", \"sensory_details\": \"Drums thud beyond the walls while the wind carries grit.\"}\nRecent events: none\nRecent motifs: none\nRecent major events: none\nRelationship summary: Rhea trusts the player; Boris weighs every trade.\nCharacter summary: Rhea is loyal but impulsive; Boris is cautious and calculating.\nMetrics: {\"order\": 50, \"morale\": 50, ...
2025-10-26 02:42:39,553 [INFO] fortress_director.orchestrator.orchestrator: Calling character_agent.react...
2025-10-26 02:42:39,553 [INFO] fortress_director.agents.character_agent: CharacterAgent.react called with variables: {'WORLD_CONTEXT': 'Turn 0 | Day 1 | Time dawn\nLocation: entrance\nPlayer: The Shieldbearer — A weary defender holding the western wall.\nInventory: oil lamp, patched shield\nWorld constraint: {"atmosphere": "low clouds hug the battlements", "sensory_details": "Drums thud beyond the walls while the wind carries grit."}\nRecent events: none\nRecent motifs: none\nRecent major events: none\nRelationship summary: Rhea trusts the player; Boris weighs every trade.\nCharacter summary: Rhea is loyal but impulsive; Boris is cautious and calculating.\nMetrics: {"order": 50, "morale": 50, "resources": 40, "knowledge": 45, "corruption": 10, "glitch": 12, "risk_applied_total": 0, "major_flag_set": false, "major_events_triggered": 0, "major_event_last_turn": null}', 'scene_short': 'The Shieldbearer stands guard at the entrance, her oil lamp casting a feeble glow against the low clouds and gritty wind. The drums beyond the walls echo ominously.', 'player_choice': 'Approach the Shieldbearer and ask about the drums you hear.', 'atmosphere': 'Dawn breaks, casting a pale light over damp battlements.', 'sensory_details': 'The scent of wet stone mingles with the distant clangor of metal and wood as guards patrol.', 'char_brief': 'Rhea is loyal but impulsive; Boris is cautious and calculating.', 'relationship_summary_from_state': 'Rhea trusts the player; Boris weighs every trade.', 'player_inventory_brief': 'oil lamp, patched shield'}
2025-10-26 02:42:45,901 [DEBUG] fortress_director.agents.character_agent: Model returned: {'name': 'Shieldbearer', 'intent': 'vigilance', 'action': 'stand_vigilance', 'speech': 'I stand vigilant, watching the shadows creep in the low clouds. The wind whispers a tale of drums, a portent of something to come.'}
2025-10-26 02:42:45,901 [INFO] fortress_director.agents.character_agent: Normalized output (dict): [{'name': 'Shieldbearer', 'intent': 'vigilance', 'action': 'stand_vigilance', 'speech': 'I stand vigilant, watching the shadows creep in the low clouds. The wind whispers a tale of drums, a portent of something to come.', 'effects': {}}]
2025-10-26 02:42:45,901 [INFO] fortress_director.orchestrator.orchestrator: Character agent returned output.
2025-10-26 02:42:45,901 [DEBUG] fortress_director.orchestrator.orchestrator: Character agent output: [{"action": "stand_vigilance", "effects": {}, "intent": "vigilance", "name": "Shieldbearer", "speech": "I stand vigilant, watching the shadows creep in the low clouds. The wind whispers a tale of drums, a portent of something to come."}]
2025-10-26 02:42:45,901 [INFO] fortress_director.orchestrator.orchestrator: Injecting major event effect...
2025-10-26 02:42:45,901 [INFO] fortress_director.orchestrator.orchestrator: Major event effect injected.
2025-10-26 02:42:45,901 [INFO] fortress_director.orchestrator.orchestrator: Submitting reactions to rules engine...
2025-10-26 02:42:45,901 [DEBUG] fortress_director.orchestrator.orchestrator: Submitting reactions to rules engine: [{"action": "stand_vigilance", "effects": {}, "intent": "vigilance", "name": "Shieldbearer", "speech": "I stand vigilant, watching the shadows creep in the low clouds. The wind whispers a tale of drums, a portent of something to come."}]
2025-10-26 02:42:45,901 [INFO] fortress_director.rules.rules_engine: RulesEngine.process called.
2025-10-26 02:42:45,901 [DEBUG] fortress_director.rules.rules_engine: Input state: {'campaign_id': 'default_campaign', 'turn_limit': 10, 'current_turn': 0, 'rng_seed': 12345, 'scores': {'logic_score': 0, 'emotion_score': 0, 'corruption': 0}, 'flags': [], 'memory_layers': [], 'active_layer': None, 'npc_fragments': {}, 'inventory': [], 'lore': {}, 'turn': 0, 'day': 1, 'time': 'dawn', 'current_room': 'entrance', 'recent_events': [], 'recent_motifs': [], 'world_constraint_from_prev_turn': {'atmosphere': 'low clouds hug the battlements', 'sensory_details': 'Drums thud beyond the walls while the wind carries grit.'}, 'player': {'name': 'The Shieldbearer', 'inventory': ['oil lamp', 'patched shield'], 'stats': {'resolve': 3, 'empathy': 2}, 'summary': 'A weary defender holding the western wall.'}, 'character_summary': 'Rhea is loyal but impulsive; Boris is cautious and calculating.', 'relationship_summary': 'Rhea trusts the player; Boris weighs every trade.', 'metrics': {'order': 50, 'morale': 50, 'resources': 40, 'knowledge': 45, 'corruption': 10, 'glitch': 12, 'risk_applied_total': 0, 'major_flag_set': False, 'major_events_triggered': 0, 'major_event_last_turn': None}, 'npc_trust': {}}
2025-10-26 02:42:45,901 [DEBUG] fortress_director.rules.rules_engine: Character events: [{'name': 'Shieldbearer', 'intent': 'vigilance', 'action': 'stand_vigilance', 'speech': 'I stand vigilant, watching the shadows creep in the low clouds. The wind whispers a tale of drums, a portent of something to come.', 'effects': {}}]
2025-10-26 02:42:45,901 [DEBUG] fortress_director.rules.rules_engine: World context: Turn 0 | Day 1 | Time dawn
Location: entrance
Player: The Shieldbearer — A weary defender holding the western wall.
Inventory: oil lamp, patched shield
World constraint: {"atmosphere": "low clouds hug the battlements", "sensory_details": "Drums thud beyond the walls while the wind carries grit."}
Recent events: none
Recent motifs: none
Recent major events: none
Relationship summary: Rhea trusts the player; Boris weighs every trade.
Character summary: Rhea is loyal but impulsive; Boris is cautious and calculating.
Metrics: {"order": 50, "morale": 50, "resources": 40, "knowledge": 45, "corruption": 10, "glitch": 12, "risk_applied_total": 0, "major_flag_set": false, "major_events_triggered": 0, "major_event_last_turn": null}, scene: The Shieldbearer stands guard at the entrance, her oil lamp casting a feeble glow against the low clouds and gritty wind. The drums beyond the walls echo ominously., player_choice: {'id': '1', 'text': 'Approach the Shieldbearer and ask about the drums you hear.', 'action_type': 'dialog'}
2025-10-26 02:42:45,901 [INFO] fortress_director.rules.rules_engine: RulesEngine._validate_tier_one called.
2025-10-26 02:42:45,901 [DEBUG] fortress_director.rules.rules_engine: Validating character event 0: {'name': 'Shieldbearer', 'intent': 'vigilance', 'action': 'stand_vigilance', 'speech': 'I stand vigilant, watching the shadows creep in the low clouds. The wind whispers a tale of drums, a portent of something to come.', 'effects': {}}
2025-10-26 02:42:45,901 [INFO] fortress_director.rules.rules_engine: Tier one validation passed.
2025-10-26 02:42:45,901 [INFO] fortress_director.agents.judge_agent: JudgeAgent.evaluate called with variables
2025-10-26 02:42:50,943 [DEBUG] fortress_director.agents.judge_agent: Model returned: {'consistent': True, 'reason': 'The content is consistent with the established world, lore, and character logic. The scene and player choice are appropriate for a guard watching over the entrance.'}
2025-10-26 02:42:50,943 [INFO] fortress_director.agents.judge_agent: Judge verdict: {'consistent': True, 'reason': 'The content is consistent with the established world, lore, and character logic. The scene and player choice are appropriate for a guard watching over the entrance.'}
2025-10-26 02:42:50,943 [DEBUG] fortress_director.rules.rules_engine: Judge verdict for Shieldbearer: {'consistent': True, 'reason': 'The content is consistent with the established world, lore, and character logic. The scene and player choice are appropriate for a guard watching over the entrance.'}
2025-10-26 02:42:50,943 [INFO] fortress_director.rules.rules_engine: Tier two validation passed.
2025-10-26 02:42:50,943 [DEBUG] fortress_director.rules.rules_engine: Applying effects for Shieldbearer: {}
2025-10-26 02:42:50,943 [ERROR] fortress_director.rules.rules_engine: Exception in RulesEngine.process: 'RulesEngine' object has no attribute '_apply_status_change'
Traceback (most recent call last):
  File "C:\Users\Fahri\OneDrive\Masaüstü\oyun\fortress_director\rules\rules_engine.py", line 92, in process
    self._apply_status_change(new_state, effects.get("status_change"))
    ^^^^^^^^^^^^^^^^^^^^^^^^^
AttributeError: 'RulesEngine' object has no attribute '_apply_status_change'. Did you mean: '_apply_item_change'?
2025-10-26 02:42:50,943 [ERROR] fortress_director.orchestrator.orchestrator: Exception during turn: 'RulesEngine' object has no attribute '_apply_status_change'
Traceback (most recent call last):
  File "C:\Users\Fahri\OneDrive\Masaüstü\oyun\fortress_director\orchestrator\orchestrator.py", line 608, in run_turn
    state = self.rules_engine.process(
            ^^^^^^^^^^^^^^^^^^^^^^^^^^
  File "C:\Users\Fahri\OneDrive\Masaüstü\oyun\fortress_director\rules\rules_engine.py", line 92, in process
    self._apply_status_change(new_state, effects.get("status_change"))
    ^^^^^^^^^^^^^^^^^^^^^^^^^
AttributeError: 'RulesEngine' object has no attribute '_apply_status_change'. Did you mean: '_apply_item_change'?
2025-10-26 02:42:50,947 [INFO] fortress_director.codeaware.rollback_system: Rollback requested (reason=Turn execution failed: AttributeError)
2025-10-26 02:42:50,947 [DEBUG] fortress_director.orchestrator.orchestrator: State persisted to C:\Users\Fahri\OneDrive\Masaüstü\oyun\fortress_director\data\world_state.json (turn=0)
2025-10-26 02:42:50,947 [INFO] fortress_director.codeaware.rollback_system: Rollback applied (turn=0, reason=Turn execution failed: AttributeError)
2025-10-26 02:42:50,947 [INFO] fortress_director.orchestrator.orchestrator: Rollback performed after exception.
