2025-11-02 01:38:12,062 [DEBUG] root: Logging configured (console=INFO, file=DEBUG, path=C:\Users\Fahri\OneDrive\Masaüstü\oyun\fortress_director\logs\turn_20251101_223812.log)
2025-11-02 01:38:12,062 [DEBUG] __main__: Logging configured via CLI (console level=INFO, path=C:\Users\Fahri\OneDrive\Masaüstü\oyun\fortress_director\logs\turn_20251101_223812.log)
2025-11-02 01:38:12,062 [INFO] __main__: Detailed logs written to C:\Users\Fahri\OneDrive\Masaüstü\oyun\fortress_director\logs\turn_20251101_223812.log
2025-11-02 01:38:12,074 [INFO] fortress_director.codeaware.function_registry: Registering safe function: change_weather
2025-11-02 01:38:12,085 [INFO] fortress_director.codeaware.function_registry: Safe function 'change_weather' registered successfully.
2025-11-02 01:38:12,085 [INFO] fortress_director.codeaware.function_registry: Registering safe function: spawn_item
2025-11-02 01:38:12,085 [INFO] fortress_director.codeaware.function_registry: Safe function 'spawn_item' registered successfully.
2025-11-02 01:38:12,085 [INFO] fortress_director.codeaware.function_registry: Registering safe function: move_npc
2025-11-02 01:38:12,085 [INFO] fortress_director.codeaware.function_registry: Safe function 'move_npc' registered successfully.
2025-11-02 01:38:12,085 [INFO] fortress_director.codeaware.function_registry: Registering safe function: adjust_logic
2025-11-02 01:38:12,085 [INFO] fortress_director.codeaware.function_registry: Safe function 'adjust_logic' registered successfully.
2025-11-02 01:38:12,085 [INFO] fortress_director.codeaware.function_registry: Registering safe function: adjust_emotion
2025-11-02 01:38:12,085 [INFO] fortress_director.codeaware.function_registry: Safe function 'adjust_emotion' registered successfully.
2025-11-02 01:38:12,085 [INFO] fortress_director.codeaware.function_registry: Registering safe function: raise_corruption
2025-11-02 01:38:12,085 [INFO] fortress_director.codeaware.function_registry: Safe function 'raise_corruption' registered successfully.
2025-11-02 01:38:12,087 [INFO] fortress_director.codeaware.function_registry: Registering safe function: advance_turn
2025-11-02 01:38:12,087 [INFO] fortress_director.codeaware.function_registry: Safe function 'advance_turn' registered successfully.
2025-11-02 01:38:12,087 [INFO] fortress_director.codeaware.function_registry: Registering safe function: modify_resources
2025-11-02 01:38:12,087 [INFO] fortress_director.codeaware.function_registry: Safe function 'modify_resources' registered successfully.
2025-11-02 01:38:12,087 [INFO] fortress_director.codeaware.function_registry: Registering safe function: adjust_metric
2025-11-02 01:38:12,087 [INFO] fortress_director.codeaware.function_registry: Safe function 'adjust_metric' registered successfully.
2025-11-02 01:38:12,087 [INFO] fortress_director.codeaware.function_registry: Registering safe function: move_room
2025-11-02 01:38:12,087 [INFO] fortress_director.codeaware.function_registry: Safe function 'move_room' registered successfully.
2025-11-02 01:38:12,087 [INFO] fortress_director.codeaware.function_registry: Registering safe function: set_flag
2025-11-02 01:38:12,087 [INFO] fortress_director.codeaware.function_registry: Safe function 'set_flag' registered successfully.
2025-11-02 01:38:12,087 [INFO] fortress_director.codeaware.function_registry: Registering safe function: clear_flag
2025-11-02 01:38:12,087 [INFO] fortress_director.codeaware.function_registry: Safe function 'clear_flag' registered successfully.
2025-11-02 01:38:12,087 [INFO] fortress_director.codeaware.function_registry: Registering safe function: set_trust
2025-11-02 01:38:12,087 [INFO] fortress_director.codeaware.function_registry: Safe function 'set_trust' registered successfully.
2025-11-02 01:38:12,087 [INFO] fortress_director.codeaware.function_registry: Registering safe function: adjust_trust
2025-11-02 01:38:12,087 [INFO] fortress_director.codeaware.function_registry: Safe function 'adjust_trust' registered successfully.
2025-11-02 01:38:12,087 [INFO] fortress_director.codeaware.function_registry: Registering safe function: add_item_to_npc
2025-11-02 01:38:12,087 [INFO] fortress_director.codeaware.function_registry: Safe function 'add_item_to_npc' registered successfully.
2025-11-02 01:38:12,087 [INFO] fortress_director.codeaware.function_registry: Registering safe function: remove_item_from_npc
2025-11-02 01:38:12,087 [INFO] fortress_director.codeaware.function_registry: Safe function 'remove_item_from_npc' registered successfully.
2025-11-02 01:38:12,088 [INFO] fortress_director.codeaware.function_registry: Registering safe function: add_status
2025-11-02 01:38:12,088 [INFO] fortress_director.codeaware.function_registry: Safe function 'add_status' registered successfully.
2025-11-02 01:38:12,088 [INFO] fortress_director.codeaware.function_registry: Registering safe function: remove_status
2025-11-02 01:38:12,088 [INFO] fortress_director.codeaware.function_registry: Safe function 'remove_status' registered successfully.
2025-11-02 01:38:12,088 [INFO] fortress_director.codeaware.function_registry: Registering safe function: spawn_npc
2025-11-02 01:38:12,088 [INFO] fortress_director.codeaware.function_registry: Safe function 'spawn_npc' registered successfully.
2025-11-02 01:38:12,088 [INFO] fortress_director.codeaware.function_registry: Registering safe function: despawn_npc
2025-11-02 01:38:12,088 [INFO] fortress_director.codeaware.function_registry: Safe function 'despawn_npc' registered successfully.
2025-11-02 01:38:12,088 [INFO] fortress_director.codeaware.function_registry: Registering safe function: move_and_take_item
2025-11-02 01:38:12,088 [INFO] fortress_director.codeaware.function_registry: Safe function 'move_and_take_item' registered successfully.
2025-11-02 01:38:12,088 [INFO] fortress_director.codeaware.function_registry: Registering safe function: patrol_and_report
2025-11-02 01:38:12,088 [INFO] fortress_director.codeaware.function_registry: Safe function 'patrol_and_report' registered successfully.
2025-11-02 01:38:12,088 [INFO] fortress_director.orchestrator.orchestrator: run_turn called (player_choice_id=__random__)
2025-11-02 01:38:12,088 [DEBUG] fortress_director.orchestrator.orchestrator: Resetting function validator and creating checkpoint: {'phase': 'turn_start', 'player_choice_id': '__random__'}
2025-11-02 01:38:12,088 [DEBUG] fortress_director.orchestrator.orchestrator: State snapshot loaded from C:\Users\Fahri\OneDrive\Masaüstü\oyun\fortress_director\data\world_state.json (turn=16)
2025-11-02 01:38:12,089 [INFO] fortress_director.codeaware.rollback_system: Checkpoint created (turn=16, call=None)
2025-11-02 01:38:12,089 [INFO] fortress_director.orchestrator.orchestrator: Turn execution started.
2025-11-02 01:38:12,089 [DEBUG] fortress_director.orchestrator.orchestrator: State snapshot loaded from C:\Users\Fahri\OneDrive\Masaüstü\oyun\fortress_director\data\world_state.json (turn=16)
2025-11-02 01:38:12,089 [DEBUG] fortress_director.orchestrator.orchestrator: Pre-turn state snapshot: {"_anomaly_active_until": 15, "_drama_window": [[59, 61, 39, 53, 24], [60, 61, 40, 55, 26], [60, 61, 41, 57, 26], [61, 64, 41, 57, 27], [64, 66, 40, 57, 27], [67, 69, 40, 57, 27], [67, 70, 42, 59, 27], [67, 74, 40, 59, 29]], "_glitch_buffer": 0, "_high_volatility_mode": true, "_world_lock_until": 17, "active_layer": null, "campaign_id": "default_campaign", "character_summary": "Rhea is loyal but impulsive; Boris is cautious and calculating.", "current_room": "battlements", "current_turn": 16, "day": 4, "final_summary": "Victory - survived_15_turns_high_morale | Morale: 78, Order: 70, Resour...
2025-11-02 01:38:12,089 [INFO] fortress_director.orchestrator.orchestrator: Game already finalized, terminating turn early.
2025-11-02 01:38:12,089 [DEBUG] fortress_director.utils.metrics_manager: MetricManager initialised with metrics: {'order': 70, 'morale': 78, 'resources': 40, 'knowledge': 59, 'corruption': 10, 'glitch': 29, 'risk_applied_total': 0, 'major_flag_set': False, 'major_events_triggered': 0, 'major_event_last_turn': None}
