2025-11-07 18:41:39,758 [DEBUG] root: Logging configured (console=INFO, file=DEBUG, path=C:\Users\Fahri\OneDrive\Masaüstü\oyun\logs\run_20251107_154139_758814.log)
2025-11-07 18:41:39,758 [DEBUG] __main__: Logging configured via CLI (console level=INFO, path=C:\Users\Fahri\OneDrive\Masaüstü\oyun\logs\run_20251107_154139_758814.log)
2025-11-07 18:41:39,758 [INFO] __main__: Detailed logs written to C:\Users\Fahri\OneDrive\Masaüstü\oyun\logs\run_20251107_154139_758814.log
2025-11-07 18:41:39,774 [INFO] fortress_director.codeaware.function_registry: Registering safe function: change_weather
2025-11-07 18:41:39,776 [INFO] fortress_director.codeaware.function_registry: Safe function 'change_weather' registered successfully.
2025-11-07 18:41:39,776 [INFO] fortress_director.codeaware.function_registry: Registering safe function: spawn_item
2025-11-07 18:41:39,776 [INFO] fortress_director.codeaware.function_registry: Safe function 'spawn_item' registered successfully.
2025-11-07 18:41:39,776 [INFO] fortress_director.codeaware.function_registry: Registering safe function: move_npc
2025-11-07 18:41:39,776 [INFO] fortress_director.codeaware.function_registry: Safe function 'move_npc' registered successfully.
2025-11-07 18:41:39,776 [INFO] fortress_director.codeaware.function_registry: Registering safe function: adjust_logic
2025-11-07 18:41:39,776 [INFO] fortress_director.codeaware.function_registry: Safe function 'adjust_logic' registered successfully.
2025-11-07 18:41:39,776 [INFO] fortress_director.codeaware.function_registry: Registering safe function: adjust_emotion
2025-11-07 18:41:39,776 [INFO] fortress_director.codeaware.function_registry: Safe function 'adjust_emotion' registered successfully.
2025-11-07 18:41:39,776 [INFO] fortress_director.codeaware.function_registry: Registering safe function: raise_corruption
2025-11-07 18:41:39,776 [INFO] fortress_director.codeaware.function_registry: Safe function 'raise_corruption' registered successfully.
2025-11-07 18:41:39,776 [INFO] fortress_director.codeaware.function_registry: Registering safe function: advance_turn
2025-11-07 18:41:39,776 [INFO] fortress_director.codeaware.function_registry: Safe function 'advance_turn' registered successfully.
2025-11-07 18:41:39,776 [INFO] fortress_director.codeaware.function_registry: Registering safe function: modify_resources
2025-11-07 18:41:39,776 [INFO] fortress_director.codeaware.function_registry: Safe function 'modify_resources' registered successfully.
2025-11-07 18:41:39,776 [INFO] fortress_director.codeaware.function_registry: Registering safe function: adjust_metric
2025-11-07 18:41:39,776 [INFO] fortress_director.codeaware.function_registry: Safe function 'adjust_metric' registered successfully.
2025-11-07 18:41:39,776 [INFO] fortress_director.codeaware.function_registry: Registering safe function: move_room
2025-11-07 18:41:39,776 [INFO] fortress_director.codeaware.function_registry: Safe function 'move_room' registered successfully.
2025-11-07 18:41:39,776 [INFO] fortress_director.codeaware.function_registry: Registering safe function: set_flag
2025-11-07 18:41:39,776 [INFO] fortress_director.codeaware.function_registry: Safe function 'set_flag' registered successfully.
2025-11-07 18:41:39,776 [INFO] fortress_director.codeaware.function_registry: Registering safe function: clear_flag
2025-11-07 18:41:39,776 [INFO] fortress_director.codeaware.function_registry: Safe function 'clear_flag' registered successfully.
2025-11-07 18:41:39,776 [INFO] fortress_director.codeaware.function_registry: Registering safe function: set_trust
2025-11-07 18:41:39,776 [INFO] fortress_director.codeaware.function_registry: Safe function 'set_trust' registered successfully.
2025-11-07 18:41:39,776 [INFO] fortress_director.codeaware.function_registry: Registering safe function: adjust_trust
2025-11-07 18:41:39,776 [INFO] fortress_director.codeaware.function_registry: Safe function 'adjust_trust' registered successfully.
2025-11-07 18:41:39,776 [INFO] fortress_director.codeaware.function_registry: Registering safe function: add_item_to_npc
2025-11-07 18:41:39,776 [INFO] fortress_director.codeaware.function_registry: Safe function 'add_item_to_npc' registered successfully.
2025-11-07 18:41:39,778 [INFO] fortress_director.codeaware.function_registry: Registering safe function: remove_item_from_npc
2025-11-07 18:41:39,778 [INFO] fortress_director.codeaware.function_registry: Safe function 'remove_item_from_npc' registered successfully.
2025-11-07 18:41:39,778 [INFO] fortress_director.codeaware.function_registry: Registering safe function: add_status
2025-11-07 18:41:39,778 [INFO] fortress_director.codeaware.function_registry: Safe function 'add_status' registered successfully.
2025-11-07 18:41:39,778 [INFO] fortress_director.codeaware.function_registry: Registering safe function: remove_status
2025-11-07 18:41:39,778 [INFO] fortress_director.codeaware.function_registry: Safe function 'remove_status' registered successfully.
2025-11-07 18:41:39,778 [INFO] fortress_director.codeaware.function_registry: Registering safe function: spawn_npc
2025-11-07 18:41:39,778 [INFO] fortress_director.codeaware.function_registry: Safe function 'spawn_npc' registered successfully.
2025-11-07 18:41:39,778 [INFO] fortress_director.codeaware.function_registry: Registering safe function: despawn_npc
2025-11-07 18:41:39,778 [INFO] fortress_director.codeaware.function_registry: Safe function 'despawn_npc' registered successfully.
2025-11-07 18:41:39,778 [INFO] fortress_director.codeaware.function_registry: Registering safe function: set_time_of_day
2025-11-07 18:41:39,778 [INFO] fortress_director.codeaware.function_registry: Safe function 'set_time_of_day' registered successfully.
2025-11-07 18:41:39,778 [INFO] fortress_director.codeaware.function_registry: Registering safe function: set_weather_pattern
2025-11-07 18:41:39,778 [INFO] fortress_director.codeaware.function_registry: Safe function 'set_weather_pattern' registered successfully.
2025-11-07 18:41:39,778 [INFO] fortress_director.codeaware.function_registry: Registering safe function: trigger_environment_hazard
2025-11-07 18:41:39,778 [INFO] fortress_director.codeaware.function_registry: Safe function 'trigger_environment_hazard' registered successfully.
2025-11-07 18:41:39,778 [INFO] fortress_director.codeaware.function_registry: Registering safe function: reinforce_structure
2025-11-07 18:41:39,778 [INFO] fortress_director.codeaware.function_registry: Safe function 'reinforce_structure' registered successfully.
2025-11-07 18:41:39,778 [INFO] fortress_director.codeaware.function_registry: Registering safe function: repair_breach
2025-11-07 18:41:39,778 [INFO] fortress_director.codeaware.function_registry: Safe function 'repair_breach' registered successfully.
2025-11-07 18:41:39,778 [INFO] fortress_director.codeaware.function_registry: Registering safe function: set_watcher_route
2025-11-07 18:41:39,778 [INFO] fortress_director.codeaware.function_registry: Safe function 'set_watcher_route' registered successfully.
2025-11-07 18:41:39,778 [INFO] fortress_director.codeaware.function_registry: Registering safe function: schedule_npc_activity
2025-11-07 18:41:39,778 [INFO] fortress_director.codeaware.function_registry: Safe function 'schedule_npc_activity' registered successfully.
2025-11-07 18:41:39,778 [INFO] fortress_director.codeaware.function_registry: Registering safe function: spawn_patrol
2025-11-07 18:41:39,778 [INFO] fortress_director.codeaware.function_registry: Safe function 'spawn_patrol' registered successfully.
2025-11-07 18:41:39,778 [INFO] fortress_director.codeaware.function_registry: Registering safe function: resolve_combat
2025-11-07 18:41:39,778 [INFO] fortress_director.codeaware.function_registry: Safe function 'resolve_combat' registered successfully.
2025-11-07 18:41:39,778 [INFO] fortress_director.codeaware.function_registry: Registering safe function: transfer_item
2025-11-07 18:41:39,778 [INFO] fortress_director.codeaware.function_registry: Safe function 'transfer_item' registered successfully.
2025-11-07 18:41:39,778 [INFO] fortress_director.codeaware.function_registry: Registering safe function: adjust_stockpile
2025-11-07 18:41:39,778 [INFO] fortress_director.codeaware.function_registry: Safe function 'adjust_stockpile' registered successfully.
2025-11-07 18:41:39,778 [INFO] fortress_director.codeaware.function_registry: Registering safe function: open_trade_route
2025-11-07 18:41:39,780 [INFO] fortress_director.codeaware.function_registry: Safe function 'open_trade_route' registered successfully.
2025-11-07 18:41:39,780 [INFO] fortress_director.codeaware.function_registry: Registering safe function: close_trade_route
2025-11-07 18:41:39,780 [INFO] fortress_director.codeaware.function_registry: Safe function 'close_trade_route' registered successfully.
2025-11-07 18:41:39,780 [INFO] fortress_director.codeaware.function_registry: Registering safe function: queue_major_event
2025-11-07 18:41:39,780 [INFO] fortress_director.codeaware.function_registry: Safe function 'queue_major_event' registered successfully.
2025-11-07 18:41:39,780 [INFO] fortress_director.codeaware.function_registry: Registering safe function: advance_story_act
2025-11-07 18:41:39,780 [INFO] fortress_director.codeaware.function_registry: Safe function 'advance_story_act' registered successfully.
2025-11-07 18:41:39,780 [INFO] fortress_director.codeaware.function_registry: Registering safe function: lock_player_option
2025-11-07 18:41:39,780 [INFO] fortress_director.codeaware.function_registry: Safe function 'lock_player_option' registered successfully.
2025-11-07 18:41:39,780 [INFO] fortress_director.codeaware.function_registry: Registering safe function: move_and_take_item
2025-11-07 18:41:39,780 [INFO] fortress_director.codeaware.function_registry: Safe function 'move_and_take_item' registered successfully.
2025-11-07 18:41:39,780 [INFO] fortress_director.codeaware.function_registry: Registering safe function: patrol_and_report
2025-11-07 18:41:39,780 [INFO] fortress_director.codeaware.function_registry: Safe function 'patrol_and_report' registered successfully.
2025-11-07 18:41:39,780 [INFO] fortress_director.codeaware.function_registry: Removing safe function: spawn_npc
2025-11-07 18:41:39,780 [INFO] fortress_director.orchestrator.orchestrator: Theme 'siege_default' disabled safe function 'spawn_npc'
2025-11-07 18:41:39,780 [DEBUG] fortress_director.orchestrator.orchestrator: State snapshot loaded from C:\Users\Fahri\OneDrive\Masaüstü\oyun\fortress_director\data\world_state.json (turn=5, 0.21 ms)
